#
# There is insufficient memory for the Java Runtime Environment to continue.
# Native memory allocation (mmap) failed to map 35651584 bytes for G1 virtual space
# Possible reasons:
#   The system is out of physical RAM or swap space
#   The process is running with CompressedOops enabled, and the Java Heap may be blocking the growth of the native heap
# Possible solutions:
#   Reduce memory load on the system
#   Increase physical memory or swap space
#   Check if swap backing store is full
#   Decrease Java heap size (-Xmx/-Xms)
#   Decrease number of Java threads
#   Decrease Java thread stack sizes (-Xss)
#   Set larger code cache with -XX:ReservedCodeCacheSize=
#   JVM is running with Unscaled Compressed Oops mode in which the Java heap is
#     placed in the first 4GB address space. The Java Heap base address is the
#     maximum limit for the native heap growth. Please use -XX:HeapBaseMinAddress
#     to set the Java Heap base and to place the Java Heap above 4GB virtual address.
# This output file may be truncated or incomplete.
#
#  Out of Memory Error (os_windows.cpp:3769), pid=19864, tid=4172
#
# JRE version: OpenJDK Runtime Environment (17.0.6) (build 17.0.6+0-b2043.56-10027231)
# Java VM: OpenJDK 64-Bit Server VM (17.0.6+0-b2043.56-10027231, mixed mode, tiered, compressed oops, compressed class ptrs, g1 gc, windows-amd64)
# No core dump will be written. Minidumps are not enabled by default on client versions of Windows
#

---------------  S U M M A R Y ------------

Command Line: --add-opens=java.base/java.util=ALL-UNNAMED --add-opens=java.base/java.lang=ALL-UNNAMED --add-opens=java.base/java.lang.invoke=ALL-UNNAMED --add-opens=java.prefs/java.util.prefs=ALL-UNNAMED --add-opens=java.base/java.nio.charset=ALL-UNNAMED --add-opens=java.base/java.net=ALL-UNNAMED --add-opens=java.base/java.util.concurrent.atomic=ALL-UNNAMED -Xmx2048m -Dfile.encoding=UTF-8 -Duser.country=BR -Duser.language=pt -Duser.variant org.gradle.launcher.daemon.bootstrap.GradleDaemon 8.0

Host: AMD Ryzen 5 PRO 5650G with Radeon Graphics     , 12 cores, 7G,  Windows 11 , 64 bit Build 22621 (10.0.22621.3085)
Time: Tue Jun 11 16:02:31 2024 Hora oficial do Brasil elapsed time: 6.715859 seconds (0d 0h 0m 6s)

---------------  T H R E A D  ---------------

Current thread (0x00000161cbcd89f0):  VMThread "VM Thread" [stack: 0x0000003dc6f00000,0x0000003dc7000000] [id=4172]

Stack: [0x0000003dc6f00000,0x0000003dc7000000]
Native frames: (J=compiled Java code, j=interpreted, Vv=VM code, C=native code)
V  [jvm.dll+0x683c9a]
V  [jvm.dll+0x8427a4]
V  [jvm.dll+0x843f9e]
V  [jvm.dll+0x844603]
V  [jvm.dll+0x249b75]
V  [jvm.dll+0x680b69]
V  [jvm.dll+0x67505a]
V  [jvm.dll+0x309acb]
V  [jvm.dll+0x310f86]
V  [jvm.dll+0x3608ee]
V  [jvm.dll+0x360b1f]
V  [jvm.dll+0x2dfbf8]
V  [jvm.dll+0x2ddec4]
V  [jvm.dll+0x2dd4cc]
V  [jvm.dll+0x322261]
V  [jvm.dll+0x848ccb]
V  [jvm.dll+0x849a04]
V  [jvm.dll+0x849f1d]
V  [jvm.dll+0x84a2f4]
V  [jvm.dll+0x84a3c0]
V  [jvm.dll+0x7f274a]
V  [jvm.dll+0x682ad5]
C  [ucrtbase.dll+0x29363]
C  [KERNEL32.DLL+0x1257d]
C  [ntdll.dll+0x5aa58]

VM_Operation (0x0000003dc86f2a30): G1TryInitiateConcMark, mode: safepoint, requested by thread 0x00000161cdd897a0


---------------  P R O C E S S  ---------------

Threads class SMR info:
_java_thread_list=0x00000161d2e609f0, length=46, elements={
0x00000161af66ea20, 0x00000161cbcdd610, 0x00000161cbcde280, 0x00000161cbce38a0,
0x00000161cc841410, 0x00000161cc841cd0, 0x00000161cc842680, 0x00000161cc843360,
0x00000161cc847250, 0x00000161cc84fc50, 0x00000161cc9c71a0, 0x00000161cc9dbd60,
0x00000161ce09f140, 0x00000161ce2ed380, 0x00000161ccf73d70, 0x00000161ce35ddc0,
0x00000161ce35e290, 0x00000161cdd8aae0, 0x00000161cdd897a0, 0x00000161cdd8b480,
0x00000161cdd8b950, 0x00000161cdd8be20, 0x00000161cdd892d0, 0x00000161cdd8c2f0,
0x00000161cdd8a140, 0x00000161cdd8c7c0, 0x00000161cdd8a610, 0x00000161cdd8afb0,
0x00000161cdd8cc90, 0x00000161cdd89c70, 0x00000161d0c74390, 0x00000161d0c773b0,
0x00000161d0c76540, 0x00000161d0c79560, 0x00000161d0c79f00, 0x00000161d0c74860,
0x00000161d0c79a30, 0x00000161d0c739f0, 0x00000161d0c7a3d0, 0x00000161d0c74d30,
0x00000161d0c75200, 0x00000161d0c78220, 0x00000161d0c756d0, 0x00000161d0c78bc0,
0x00000161d0c7b240, 0x00000161d0c76070
}

Java Threads: ( => current thread )
  0x00000161af66ea20 JavaThread "main" [_thread_blocked, id=18596, stack(0x0000003dc6900000,0x0000003dc6a00000)]
  0x00000161cbcdd610 JavaThread "Reference Handler" daemon [_thread_blocked, id=19932, stack(0x0000003dc7000000,0x0000003dc7100000)]
  0x00000161cbcde280 JavaThread "Finalizer" daemon [_thread_blocked, id=20388, stack(0x0000003dc7100000,0x0000003dc7200000)]
  0x00000161cbce38a0 JavaThread "Signal Dispatcher" daemon [_thread_blocked, id=19352, stack(0x0000003dc7200000,0x0000003dc7300000)]
  0x00000161cc841410 JavaThread "Attach Listener" daemon [_thread_blocked, id=19536, stack(0x0000003dc7300000,0x0000003dc7400000)]
  0x00000161cc841cd0 JavaThread "Service Thread" daemon [_thread_blocked, id=19216, stack(0x0000003dc7400000,0x0000003dc7500000)]
  0x00000161cc842680 JavaThread "Monitor Deflation Thread" daemon [_thread_blocked, id=7576, stack(0x0000003dc7500000,0x0000003dc7600000)]
  0x00000161cc843360 JavaThread "C2 CompilerThread0" daemon [_thread_blocked, id=14184, stack(0x0000003dc7600000,0x0000003dc7700000)]
  0x00000161cc847250 JavaThread "C1 CompilerThread0" daemon [_thread_blocked, id=9140, stack(0x0000003dc7700000,0x0000003dc7800000)]
  0x00000161cc84fc50 JavaThread "Sweeper thread" daemon [_thread_blocked, id=7820, stack(0x0000003dc7800000,0x0000003dc7900000)]
  0x00000161cc9c71a0 JavaThread "Common-Cleaner" daemon [_thread_blocked, id=18160, stack(0x0000003dc7900000,0x0000003dc7a00000)]
  0x00000161cc9dbd60 JavaThread "Notification Thread" daemon [_thread_blocked, id=19656, stack(0x0000003dc7a00000,0x0000003dc7b00000)]
  0x00000161ce09f140 JavaThread "Daemon health stats" [_thread_blocked, id=3368, stack(0x0000003dc8000000,0x0000003dc8100000)]
  0x00000161ce2ed380 JavaThread "Incoming local TCP Connector on port 60874" [_thread_in_native, id=10652, stack(0x0000003dc8100000,0x0000003dc8200000)]
  0x00000161ccf73d70 JavaThread "Daemon periodic checks" [_thread_blocked, id=19736, stack(0x0000003dc8200000,0x0000003dc8300000)]
  0x00000161ce35ddc0 JavaThread "Daemon" [_thread_blocked, id=11936, stack(0x0000003dc8300000,0x0000003dc8400000)]
  0x00000161ce35e290 JavaThread "Handler for socket connection from /127.0.0.1:60874 to /127.0.0.1:60875" [_thread_in_native, id=3688, stack(0x0000003dc8400000,0x0000003dc8500000)]
  0x00000161cdd8aae0 JavaThread "Cancel handler" [_thread_blocked, id=12772, stack(0x0000003dc8500000,0x0000003dc8600000)]
  0x00000161cdd897a0 JavaThread "Daemon worker" [_thread_blocked, id=19856, stack(0x0000003dc8600000,0x0000003dc8700000)]
  0x00000161cdd8b480 JavaThread "Asynchronous log dispatcher for DefaultDaemonConnection: socket connection from /127.0.0.1:60874 to /127.0.0.1:60875" [_thread_blocked, id=2816, stack(0x0000003dc8700000,0x0000003dc8800000)]
  0x00000161cdd8b950 JavaThread "Stdin handler" [_thread_blocked, id=20232, stack(0x0000003dc8800000,0x0000003dc8900000)]
  0x00000161cdd8be20 JavaThread "Daemon client event forwarder" [_thread_blocked, id=20036, stack(0x0000003dc8900000,0x0000003dc8a00000)]
  0x00000161cdd892d0 JavaThread "Cache worker for journal cache (C:\Users\aluno.SENAIESCOLA\.gradle\caches\journal-1)" [_thread_blocked, id=19580, stack(0x0000003dc9100000,0x0000003dc9200000)]
  0x00000161cdd8c2f0 JavaThread "File lock request listener" [_thread_in_native, id=2716, stack(0x0000003dc9200000,0x0000003dc9300000)]
  0x00000161cdd8a140 JavaThread "Cache worker for file hash cache (C:\Users\aluno.SENAIESCOLA\.gradle\caches\8.0\fileHashes)" [_thread_blocked, id=19388, stack(0x0000003dc9300000,0x0000003dc9400000)]
  0x00000161cdd8c7c0 JavaThread "File watcher server" daemon [_thread_in_native, id=18524, stack(0x0000003dc9400000,0x0000003dc9500000)]
  0x00000161cdd8a610 JavaThread "File watcher consumer" daemon [_thread_blocked, id=19728, stack(0x0000003dc9500000,0x0000003dc9600000)]
  0x00000161cdd8afb0 JavaThread "jar transforms" [_thread_blocked, id=19172, stack(0x0000003dc9600000,0x0000003dc9700000)]
  0x00000161cdd8cc90 JavaThread "jar transforms Thread 2" [_thread_blocked, id=20216, stack(0x0000003dc9700000,0x0000003dc9800000)]
  0x00000161cdd89c70 JavaThread "jar transforms Thread 3" [_thread_blocked, id=19084, stack(0x0000003dc9800000,0x0000003dc9900000)]
  0x00000161d0c74390 JavaThread "jar transforms Thread 4" [_thread_blocked, id=9996, stack(0x0000003dc9900000,0x0000003dc9a00000)]
  0x00000161d0c773b0 JavaThread "jar transforms Thread 5" [_thread_blocked, id=18724, stack(0x0000003dc9a00000,0x0000003dc9b00000)]
  0x00000161d0c76540 JavaThread "jar transforms Thread 6" [_thread_blocked, id=13280, stack(0x0000003dc9b00000,0x0000003dc9c00000)]
  0x00000161d0c79560 JavaThread "jar transforms Thread 7" [_thread_blocked, id=2460, stack(0x0000003dc9c00000,0x0000003dc9d00000)]
  0x00000161d0c79f00 JavaThread "jar transforms Thread 8" [_thread_blocked, id=13956, stack(0x0000003dc9d00000,0x0000003dc9e00000)]
  0x00000161d0c74860 JavaThread "jar transforms Thread 9" [_thread_blocked, id=15240, stack(0x0000003dc9e00000,0x0000003dc9f00000)]
  0x00000161d0c79a30 JavaThread "jar transforms Thread 10" [_thread_blocked, id=18576, stack(0x0000003dc9f00000,0x0000003dca000000)]
  0x00000161d0c739f0 JavaThread "jar transforms Thread 11" [_thread_blocked, id=3068, stack(0x0000003dca000000,0x0000003dca100000)]
  0x00000161d0c7a3d0 JavaThread "jar transforms Thread 12" [_thread_blocked, id=19820, stack(0x0000003dca100000,0x0000003dca200000)]
  0x00000161d0c74d30 JavaThread "Cache worker for checksums cache (C:\Users\aluno.SENAIESCOLA\AndroidStudioProjects\IOTCONNECT\.gradle\8.0\checksums)" [_thread_blocked, id=19008, stack(0x0000003dca200000,0x0000003dca300000)]
  0x00000161d0c75200 JavaThread "Cache worker for cache directory md-rule (C:\Users\aluno.SENAIESCOLA\.gradle\caches\8.0\md-rule)" [_thread_blocked, id=16812, stack(0x0000003dca300000,0x0000003dca400000)]
  0x00000161d0c78220 JavaThread "Cache worker for file content cache (C:\Users\aluno.SENAIESCOLA\.gradle\caches\8.0\fileContent)" [_thread_blocked, id=20044, stack(0x0000003dca400000,0x0000003dca500000)]
  0x00000161d0c756d0 JavaThread "Cache worker for file hash cache (C:\Users\aluno.SENAIESCOLA\AndroidStudioProjects\IOTCONNECT\.gradle\8.0\fileHashes)" [_thread_blocked, id=16872, stack(0x0000003dca500000,0x0000003dca600000)]
  0x00000161d0c78bc0 JavaThread "Cache worker for cache directory md-supplier (C:\Users\aluno.SENAIESCOLA\.gradle\caches\8.0\md-supplier)" [_thread_blocked, id=19528, stack(0x0000003dca600000,0x0000003dca700000)]
  0x00000161d0c7b240 JavaThread "Cache worker for execution history cache (C:\Users\aluno.SENAIESCOLA\.gradle\caches\8.0\executionHistory)" [_thread_blocked, id=17880, stack(0x0000003dca700000,0x0000003dca800000)]
  0x00000161d0c76070 JavaThread "Cache worker for kotlin-dsl (C:\Users\aluno.SENAIESCOLA\.gradle\caches\8.0\kotlin-dsl)" [_thread_blocked, id=1612, stack(0x0000003dca800000,0x0000003dca900000)]

Other Threads:
=>0x00000161cbcd89f0 VMThread "VM Thread" [stack: 0x0000003dc6f00000,0x0000003dc7000000] [id=4172]
  0x00000161cc9e0240 WatcherThread [stack: 0x0000003dc7b00000,0x0000003dc7c00000] [id=13724]
  0x00000161af6cbbb0 GCTaskThread "GC Thread#0" [stack: 0x0000003dc6a00000,0x0000003dc6b00000] [id=20260]
  0x00000161cd307d30 GCTaskThread "GC Thread#1" [stack: 0x0000003dc7c00000,0x0000003dc7d00000] [id=5944]
  0x00000161cd481880 GCTaskThread "GC Thread#2" [stack: 0x0000003dc7d00000,0x0000003dc7e00000] [id=20352]
  0x00000161cd837240 GCTaskThread "GC Thread#3" [stack: 0x0000003dc7e00000,0x0000003dc7f00000] [id=19692]
  0x00000161cd4c6990 GCTaskThread "GC Thread#4" [stack: 0x0000003dc7f00000,0x0000003dc8000000] [id=19108]
  0x00000161ced19060 GCTaskThread "GC Thread#5" [stack: 0x0000003dc8a00000,0x0000003dc8b00000] [id=13320]
  0x00000161ceca3eb0 GCTaskThread "GC Thread#6" [stack: 0x0000003dc8b00000,0x0000003dc8c00000] [id=18444]
  0x00000161cde1c490 GCTaskThread "GC Thread#7" [stack: 0x0000003dc8c00000,0x0000003dc8d00000] [id=19348]
  0x00000161cd4d7490 GCTaskThread "GC Thread#8" [stack: 0x0000003dc8d00000,0x0000003dc8e00000] [id=15544]
  0x00000161ce0c7290 GCTaskThread "GC Thread#9" [stack: 0x0000003dc8e00000,0x0000003dc8f00000] [id=7488]
  0x00000161af6dd190 ConcurrentGCThread "G1 Main Marker" [stack: 0x0000003dc6b00000,0x0000003dc6c00000] [id=19468]
  0x00000161af6ddaa0 ConcurrentGCThread "G1 Conc#0" [stack: 0x0000003dc6c00000,0x0000003dc6d00000] [id=4136]
  0x00000161cee840b0 ConcurrentGCThread "G1 Conc#1" [stack: 0x0000003dc8f00000,0x0000003dc9000000] [id=20328]
  0x00000161ce211810 ConcurrentGCThread "G1 Conc#2" [stack: 0x0000003dc9000000,0x0000003dc9100000] [id=19056]
  0x00000161af71e1c0 ConcurrentGCThread "G1 Refine#0" [stack: 0x0000003dc6d00000,0x0000003dc6e00000] [id=4700]
  0x00000161d15a0830 ConcurrentGCThread "G1 Refine#1" [stack: 0x0000003dca900000,0x0000003dcaa00000] [id=1792]
  0x00000161d159ee50 ConcurrentGCThread "G1 Refine#2" [stack: 0x0000003dcaa00000,0x0000003dcab00000] [id=19496]
  0x00000161d159f6f0 ConcurrentGCThread "G1 Refine#3" [stack: 0x0000003dcab00000,0x0000003dcac00000] [id=19956]
  0x00000161d159f130 ConcurrentGCThread "G1 Refine#4" [stack: 0x0000003dcac00000,0x0000003dcad00000] [id=4552]
  0x00000161d159f410 ConcurrentGCThread "G1 Refine#5" [stack: 0x0000003dcad00000,0x0000003dcae00000] [id=19876]
  0x00000161d2f742f0 ConcurrentGCThread "G1 Refine#6" [stack: 0x0000003dcae00000,0x0000003dcaf00000] [id=18840]
  0x00000161af71eae0 ConcurrentGCThread "G1 Service" [stack: 0x0000003dc6e00000,0x0000003dc6f00000] [id=17940]

Threads with active compile tasks:
C2 CompilerThread0     6750 6255       4       java.lang.String::indexOf (7 bytes)

VM state: at safepoint (normal execution)

VM Mutex/Monitor currently owned by a thread:  ([mutex/lock_event])
[0x00000161af66c5f0] Threads_lock - owner thread: 0x00000161cbcd89f0
[0x00000161af66ba20] Heap_lock - owner thread: 0x00000161cdd897a0

Heap address: 0x0000000080000000, size: 2048 MB, Compressed Oops mode: 32-bit

CDS archive(s) not mapped
Compressed class space mapped at: 0x0000000100000000-0x0000000140000000, reserved size: 1073741824
Narrow klass base: 0x0000000000000000, Narrow klass shift: 3, Narrow klass range: 0x140000000

GC Precious Log:
 CPUs: 12 total, 12 available
 Memory: 7553M
 Large Page Support: Disabled
 NUMA Support: Disabled
 Compressed Oops: Enabled (32-bit)
 Heap Region Size: 1M
 Heap Min Capacity: 8M
 Heap Initial Capacity: 120M
 Heap Max Capacity: 2G
 Pre-touch: Disabled
 Parallel Workers: 10
 Concurrent Workers: 3
 Concurrent Refinement Workers: 10
 Periodic GC: Disabled

Heap:
 garbage-first heap   total 173056K, used 104450K [0x0000000080000000, 0x0000000100000000)
  region size 1024K, 4 young (4096K), 4 survivors (4096K)
 Metaspace       used 86892K, committed 87552K, reserved 1130496K
  class space    used 11516K, committed 11776K, reserved 1048576K

Heap Regions: E=young(eden), S=young(survivor), O=old, HS=humongous(starts), HC=humongous(continues), CS=collection set, F=free, OA=open archive, CA=closed archive, TAMS=top-at-mark-start (previous, next)
|   0|0x0000000080000000, 0x0000000080100000, 0x0000000080100000|100%|HS|  |TAMS 0x0000000080100000, 0x0000000080100000| Complete 
|   1|0x0000000080100000, 0x0000000080200000, 0x0000000080200000|100%|HC|  |TAMS 0x0000000080200000, 0x0000000080200000| Complete 
|   2|0x0000000080200000, 0x0000000080300000, 0x0000000080300000|100%|HC|  |TAMS 0x0000000080300000, 0x0000000080300000| Complete 
|   3|0x0000000080300000, 0x0000000080400000, 0x0000000080400000|100%|HC|  |TAMS 0x0000000080400000, 0x0000000080400000| Complete 
|   4|0x0000000080400000, 0x0000000080500000, 0x0000000080500000|100%| O|  |TAMS 0x0000000080500000, 0x0000000080500000| Untracked 
|   5|0x0000000080500000, 0x0000000080600000, 0x0000000080600000|100%| O|  |TAMS 0x0000000080600000, 0x0000000080600000| Untracked 
|   6|0x0000000080600000, 0x0000000080700000, 0x0000000080700000|100%| O|  |TAMS 0x0000000080700000, 0x0000000080700000| Untracked 
|   7|0x0000000080700000, 0x0000000080800000, 0x0000000080800000|100%| O|  |TAMS 0x0000000080800000, 0x0000000080800000| Untracked 
|   8|0x0000000080800000, 0x0000000080900000, 0x0000000080900000|100%| O|  |TAMS 0x0000000080900000, 0x0000000080900000| Untracked 
|   9|0x0000000080900000, 0x0000000080a00000, 0x0000000080a00000|100%| O|  |TAMS 0x0000000080a00000, 0x0000000080a00000| Untracked 
|  10|0x0000000080a00000, 0x0000000080b00000, 0x0000000080b00000|100%| O|  |TAMS 0x0000000080b00000, 0x0000000080b00000| Untracked 
|  11|0x0000000080b00000, 0x0000000080c00000, 0x0000000080c00000|100%| O|  |TAMS 0x0000000080c00000, 0x0000000080c00000| Untracked 
|  12|0x0000000080c00000, 0x0000000080d00000, 0x0000000080d00000|100%| O|  |TAMS 0x0000000080d00000, 0x0000000080d00000| Untracked 
|  13|0x0000000080d00000, 0x0000000080e00000, 0x0000000080e00000|100%| O|  |TAMS 0x0000000080e00000, 0x0000000080e00000| Untracked 
|  14|0x0000000080e00000, 0x0000000080f00000, 0x0000000080f00000|100%| O|  |TAMS 0x0000000080f00000, 0x0000000080f00000| Untracked 
|  15|0x0000000080f00000, 0x0000000081000000, 0x0000000081000000|100%| O|  |TAMS 0x0000000081000000, 0x0000000081000000| Untracked 
|  16|0x0000000081000000, 0x0000000081100000, 0x0000000081100000|100%| O|  |TAMS 0x0000000081100000, 0x0000000081100000| Untracked 
|  17|0x0000000081100000, 0x0000000081200000, 0x0000000081200000|100%| O|  |TAMS 0x0000000081200000, 0x0000000081200000| Untracked 
|  18|0x0000000081200000, 0x0000000081300000, 0x0000000081300000|100%|HS|  |TAMS 0x0000000081300000, 0x0000000081300000| Complete 
|  19|0x0000000081300000, 0x0000000081400000, 0x0000000081400000|100%|HC|  |TAMS 0x0000000081400000, 0x0000000081400000| Complete 
|  20|0x0000000081400000, 0x0000000081500000, 0x0000000081500000|100%|HS|  |TAMS 0x0000000081500000, 0x0000000081500000| Complete 
|  21|0x0000000081500000, 0x0000000081600000, 0x0000000081600000|100%|HC|  |TAMS 0x0000000081600000, 0x0000000081600000| Complete 
|  22|0x0000000081600000, 0x0000000081700000, 0x0000000081700000|100%| O|  |TAMS 0x0000000081700000, 0x0000000081700000| Untracked 
|  23|0x0000000081700000, 0x0000000081800000, 0x0000000081800000|100%|HS|  |TAMS 0x0000000081800000, 0x0000000081800000| Complete 
|  24|0x0000000081800000, 0x0000000081900000, 0x0000000081900000|100%|HC|  |TAMS 0x0000000081900000, 0x0000000081900000| Complete 
|  25|0x0000000081900000, 0x0000000081a00000, 0x0000000081a00000|100%|HC|  |TAMS 0x0000000081a00000, 0x0000000081a00000| Complete 
|  26|0x0000000081a00000, 0x0000000081b00000, 0x0000000081b00000|100%|HS|  |TAMS 0x0000000081b00000, 0x0000000081b00000| Complete 
|  27|0x0000000081b00000, 0x0000000081c00000, 0x0000000081c00000|100%|HC|  |TAMS 0x0000000081c00000, 0x0000000081c00000| Complete 
|  28|0x0000000081c00000, 0x0000000081d00000, 0x0000000081d00000|100%|HC|  |TAMS 0x0000000081d00000, 0x0000000081d00000| Complete 
|  29|0x0000000081d00000, 0x0000000081e00000, 0x0000000081e00000|100%| O|  |TAMS 0x0000000081e00000, 0x0000000081e00000| Untracked 
|  30|0x0000000081e00000, 0x0000000081f00000, 0x0000000081f00000|100%| O|  |TAMS 0x0000000081f00000, 0x0000000081f00000| Untracked 
|  31|0x0000000081f00000, 0x0000000082000000, 0x0000000082000000|100%| O|  |TAMS 0x0000000082000000, 0x0000000082000000| Untracked 
|  32|0x0000000082000000, 0x0000000082100000, 0x0000000082100000|100%| O|  |TAMS 0x0000000082100000, 0x0000000082100000| Untracked 
|  33|0x0000000082100000, 0x0000000082200000, 0x0000000082200000|100%| O|  |TAMS 0x0000000082200000, 0x0000000082200000| Untracked 
|  34|0x0000000082200000, 0x0000000082300000, 0x0000000082300000|100%| O|  |TAMS 0x0000000082300000, 0x0000000082300000| Untracked 
|  35|0x0000000082300000, 0x0000000082400000, 0x0000000082400000|100%| O|  |TAMS 0x0000000082400000, 0x0000000082400000| Untracked 
|  36|0x0000000082400000, 0x0000000082500000, 0x0000000082500000|100%| O|  |TAMS 0x0000000082500000, 0x0000000082500000| Untracked 
|  37|0x0000000082500000, 0x0000000082600000, 0x0000000082600000|100%| O|  |TAMS 0x0000000082600000, 0x0000000082600000| Untracked 
|  38|0x0000000082600000, 0x0000000082700000, 0x0000000082700000|100%| O|  |TAMS 0x0000000082700000, 0x0000000082700000| Untracked 
|  39|0x0000000082700000, 0x0000000082800000, 0x0000000082800000|100%| O|  |TAMS 0x0000000082800000, 0x0000000082800000| Untracked 
|  40|0x0000000082800000, 0x0000000082900000, 0x0000000082900000|100%| O|  |TAMS 0x0000000082900000, 0x0000000082900000| Untracked 
|  41|0x0000000082900000, 0x0000000082a00000, 0x0000000082a00000|100%| O|  |TAMS 0x0000000082a00000, 0x0000000082a00000| Untracked 
|  42|0x0000000082a00000, 0x0000000082b00000, 0x0000000082b00000|100%| O|  |TAMS 0x0000000082b00000, 0x0000000082b00000| Untracked 
|  43|0x0000000082b00000, 0x0000000082c00000, 0x0000000082c00000|100%|HS|  |TAMS 0x0000000082c00000, 0x0000000082c00000| Complete 
|  44|0x0000000082c00000, 0x0000000082d00000, 0x0000000082d00000|100%|HC|  |TAMS 0x0000000082d00000, 0x0000000082d00000| Complete 
|  45|0x0000000082d00000, 0x0000000082e00000, 0x0000000082e00000|100%|HC|  |TAMS 0x0000000082e00000, 0x0000000082e00000| Complete 
|  46|0x0000000082e00000, 0x0000000082f00000, 0x0000000082f00000|100%|HC|  |TAMS 0x0000000082f00000, 0x0000000082f00000| Complete 
|  47|0x0000000082f00000, 0x0000000083000000, 0x0000000083000000|100%|HC|  |TAMS 0x0000000083000000, 0x0000000083000000| Complete 
|  48|0x0000000083000000, 0x0000000083100000, 0x0000000083100000|100%|HC|  |TAMS 0x0000000083100000, 0x0000000083100000| Complete 
|  49|0x0000000083100000, 0x0000000083200000, 0x0000000083200000|100%|HC|  |TAMS 0x0000000083200000, 0x0000000083200000| Complete 
|  50|0x0000000083200000, 0x0000000083300000, 0x0000000083300000|100%|HC|  |TAMS 0x0000000083300000, 0x0000000083300000| Complete 
|  51|0x0000000083300000, 0x0000000083400000, 0x0000000083400000|100%|HC|  |TAMS 0x0000000083400000, 0x0000000083400000| Complete 
|  52|0x0000000083400000, 0x0000000083500000, 0x0000000083500000|100%|HC|  |TAMS 0x0000000083500000, 0x0000000083500000| Complete 
|  53|0x0000000083500000, 0x0000000083600000, 0x0000000083600000|100%|HC|  |TAMS 0x0000000083600000, 0x0000000083600000| Complete 
|  54|0x0000000083600000, 0x0000000083700000, 0x0000000083700000|100%|HC|  |TAMS 0x0000000083700000, 0x0000000083700000| Complete 
|  55|0x0000000083700000, 0x0000000083800000, 0x0000000083800000|100%|HS|  |TAMS 0x0000000083800000, 0x0000000083800000| Complete 
|  56|0x0000000083800000, 0x0000000083900000, 0x0000000083900000|100%|HC|  |TAMS 0x0000000083900000, 0x0000000083900000| Complete 
|  57|0x0000000083900000, 0x0000000083a00000, 0x0000000083a00000|100%|HC|  |TAMS 0x0000000083a00000, 0x0000000083a00000| Complete 
|  58|0x0000000083a00000, 0x0000000083b00000, 0x0000000083b00000|100%| O|  |TAMS 0x0000000083b00000, 0x0000000083b00000| Untracked 
|  59|0x0000000083b00000, 0x0000000083c00000, 0x0000000083c00000|100%|HS|  |TAMS 0x0000000083c00000, 0x0000000083c00000| Complete 
|  60|0x0000000083c00000, 0x0000000083d00000, 0x0000000083d00000|100%|HC|  |TAMS 0x0000000083d00000, 0x0000000083d00000| Complete 
|  61|0x0000000083d00000, 0x0000000083e00000, 0x0000000083e00000|100%|HC|  |TAMS 0x0000000083e00000, 0x0000000083e00000| Complete 
|  62|0x0000000083e00000, 0x0000000083f00000, 0x0000000083f00000|100%| O|  |TAMS 0x0000000083f00000, 0x0000000083f00000| Untracked 
|  63|0x0000000083f00000, 0x0000000084000000, 0x0000000084000000|100%| O|  |TAMS 0x0000000084000000, 0x0000000084000000| Untracked 
|  64|0x0000000084000000, 0x0000000084100000, 0x0000000084100000|100%| O|  |TAMS 0x0000000084100000, 0x0000000084100000| Untracked 
|  65|0x0000000084100000, 0x0000000084200000, 0x0000000084200000|100%| O|  |TAMS 0x0000000084200000, 0x0000000084200000| Untracked 
|  66|0x0000000084200000, 0x0000000084300000, 0x0000000084300000|100%| O|  |TAMS 0x0000000084300000, 0x0000000084300000| Untracked 
|  67|0x0000000084300000, 0x0000000084400000, 0x0000000084400000|100%| O|  |TAMS 0x0000000084400000, 0x0000000084400000| Untracked 
|  68|0x0000000084400000, 0x0000000084500000, 0x0000000084500000|100%|HS|  |TAMS 0x0000000084500000, 0x0000000084500000| Complete 
|  69|0x0000000084500000, 0x0000000084600000, 0x0000000084600000|100%|HC|  |TAMS 0x0000000084600000, 0x0000000084600000| Complete 
|  70|0x0000000084600000, 0x0000000084700000, 0x0000000084700000|100%|HC|  |TAMS 0x0000000084700000, 0x0000000084700000| Complete 
|  71|0x0000000084700000, 0x0000000084800000, 0x0000000084800000|100%|HC|  |TAMS 0x0000000084800000, 0x0000000084800000| Complete 
|  72|0x0000000084800000, 0x0000000084900000, 0x0000000084900000|100%| O|  |TAMS 0x0000000084900000, 0x0000000084900000| Untracked 
|  73|0x0000000084900000, 0x0000000084a00000, 0x0000000084a00000|100%| O|  |TAMS 0x0000000084a00000, 0x0000000084a00000| Untracked 
|  74|0x0000000084a00000, 0x0000000084b00000, 0x0000000084b00000|100%| O|  |TAMS 0x0000000084b00000, 0x0000000084b00000| Untracked 
|  75|0x0000000084b00000, 0x0000000084c00000, 0x0000000084c00000|100%| O|  |TAMS 0x0000000084c00000, 0x0000000084c00000| Untracked 
|  76|0x0000000084c00000, 0x0000000084d00000, 0x0000000084d00000|100%| O|  |TAMS 0x0000000084d00000, 0x0000000084d00000| Untracked 
|  77|0x0000000084d00000, 0x0000000084e00000, 0x0000000084e00000|100%| O|  |TAMS 0x0000000084e00000, 0x0000000084e00000| Untracked 
|  78|0x0000000084e00000, 0x0000000084f00000, 0x0000000084f00000|100%| O|  |TAMS 0x0000000084f00000, 0x0000000084f00000| Untracked 
|  79|0x0000000084f00000, 0x0000000085000000, 0x0000000085000000|100%| O|  |TAMS 0x0000000085000000, 0x0000000085000000| Untracked 
|  80|0x0000000085000000, 0x0000000085100000, 0x0000000085100000|100%| O|  |TAMS 0x0000000085100000, 0x0000000085100000| Untracked 
|  81|0x0000000085100000, 0x0000000085200000, 0x0000000085200000|100%| O|  |TAMS 0x0000000085200000, 0x0000000085200000| Untracked 
|  82|0x0000000085200000, 0x0000000085300000, 0x0000000085300000|100%| O|  |TAMS 0x0000000085300000, 0x0000000085300000| Untracked 
|  83|0x0000000085300000, 0x0000000085400000, 0x0000000085400000|100%| O|  |TAMS 0x0000000085400000, 0x0000000085400000| Untracked 
|  84|0x0000000085400000, 0x0000000085500000, 0x0000000085500000|100%| O|  |TAMS 0x0000000085500000, 0x0000000085500000| Untracked 
|  85|0x0000000085500000, 0x0000000085600000, 0x0000000085600000|100%|HS|  |TAMS 0x0000000085600000, 0x0000000085600000| Complete 
|  86|0x0000000085600000, 0x0000000085700000, 0x0000000085700000|100%|HC|  |TAMS 0x0000000085700000, 0x0000000085700000| Complete 
|  87|0x0000000085700000, 0x0000000085800000, 0x0000000085800000|100%|HC|  |TAMS 0x0000000085800000, 0x0000000085800000| Complete 
|  88|0x0000000085800000, 0x0000000085900000, 0x0000000085900000|100%|HC|  |TAMS 0x0000000085900000, 0x0000000085900000| Complete 
|  89|0x0000000085900000, 0x0000000085a00000, 0x0000000085a00000|100%|HC|  |TAMS 0x0000000085a00000, 0x0000000085a00000| Complete 
|  90|0x0000000085a00000, 0x0000000085b00000, 0x0000000085b00000|100%|HC|  |TAMS 0x0000000085b00000, 0x0000000085b00000| Complete 
|  91|0x0000000085b00000, 0x0000000085c00000, 0x0000000085c00000|100%| O|  |TAMS 0x0000000085bdaa00, 0x0000000085c00000| Untracked 
|  92|0x0000000085c00000, 0x0000000085d00000, 0x0000000085d00000|100%| O|  |TAMS 0x0000000085c00000, 0x0000000085d00000| Untracked 
|  93|0x0000000085d00000, 0x0000000085e00000, 0x0000000085e00000|100%| O|  |TAMS 0x0000000085d00000, 0x0000000085e00000| Untracked 
|  94|0x0000000085e00000, 0x0000000085f00000, 0x0000000085f00000|100%| O|  |TAMS 0x0000000085e00000, 0x0000000085f00000| Untracked 
|  95|0x0000000085f00000, 0x0000000086000000, 0x0000000086000000|100%| O|  |TAMS 0x0000000085f00000, 0x0000000086000000| Untracked 
|  96|0x0000000086000000, 0x0000000086100000, 0x0000000086100000|100%| O|  |TAMS 0x0000000086000000, 0x000000008604ac00| Untracked 
|  97|0x0000000086100000, 0x0000000086200000, 0x0000000086200000|100%| O|  |TAMS 0x0000000086100000, 0x0000000086100000| Untracked 
|  98|0x0000000086200000, 0x0000000086248200, 0x0000000086300000| 28%| O|  |TAMS 0x0000000086200000, 0x0000000086200000| Untracked 
|  99|0x0000000086300000, 0x0000000086300000, 0x0000000086400000|  0%| F|  |TAMS 0x0000000086300000, 0x0000000086300000| Untracked 
| 100|0x0000000086400000, 0x0000000086400000, 0x0000000086500000|  0%| F|  |TAMS 0x0000000086400000, 0x0000000086400000| Untracked 
| 101|0x0000000086500000, 0x0000000086500000, 0x0000000086600000|  0%| F|  |TAMS 0x0000000086500000, 0x0000000086500000| Untracked 
| 102|0x0000000086600000, 0x0000000086600000, 0x0000000086700000|  0%| F|  |TAMS 0x0000000086600000, 0x0000000086600000| Untracked 
| 103|0x0000000086700000, 0x0000000086700000, 0x0000000086800000|  0%| F|  |TAMS 0x0000000086700000, 0x0000000086700000| Untracked 
| 104|0x0000000086800000, 0x0000000086800000, 0x0000000086900000|  0%| F|  |TAMS 0x0000000086800000, 0x0000000086800000| Untracked 
| 105|0x0000000086900000, 0x0000000086900000, 0x0000000086a00000|  0%| F|  |TAMS 0x0000000086900000, 0x0000000086900000| Untracked 
| 106|0x0000000086a00000, 0x0000000086a00000, 0x0000000086b00000|  0%| F|  |TAMS 0x0000000086a00000, 0x0000000086a00000| Untracked 
| 107|0x0000000086b00000, 0x0000000086b00000, 0x0000000086c00000|  0%| F|  |TAMS 0x0000000086b00000, 0x0000000086b00000| Untracked 
| 108|0x0000000086c00000, 0x0000000086c00000, 0x0000000086d00000|  0%| F|  |TAMS 0x0000000086c00000, 0x0000000086c00000| Untracked 
| 109|0x0000000086d00000, 0x0000000086d00000, 0x0000000086e00000|  0%| F|  |TAMS 0x0000000086d00000, 0x0000000086d00000| Untracked 
| 110|0x0000000086e00000, 0x0000000086e00000, 0x0000000086f00000|  0%| F|  |TAMS 0x0000000086e00000, 0x0000000086e00000| Untracked 
| 111|0x0000000086f00000, 0x0000000086f00000, 0x0000000087000000|  0%| F|  |TAMS 0x0000000086f00000, 0x0000000086f00000| Untracked 
| 112|0x0000000087000000, 0x0000000087000000, 0x0000000087100000|  0%| F|  |TAMS 0x0000000087000000, 0x0000000087000000| Untracked 
| 113|0x0000000087100000, 0x0000000087100000, 0x0000000087200000|  0%| F|  |TAMS 0x0000000087100000, 0x0000000087100000| Untracked 
| 114|0x0000000087200000, 0x0000000087200000, 0x0000000087300000|  0%| F|  |TAMS 0x0000000087200000, 0x0000000087200000| Untracked 
| 115|0x0000000087300000, 0x0000000087300000, 0x0000000087400000|  0%| F|  |TAMS 0x0000000087300000, 0x0000000087300000| Untracked 
| 116|0x0000000087400000, 0x0000000087400000, 0x0000000087500000|  0%| F|  |TAMS 0x0000000087400000, 0x0000000087400000| Untracked 
| 117|0x0000000087500000, 0x0000000087500000, 0x0000000087600000|  0%| F|  |TAMS 0x0000000087500000, 0x0000000087500000| Untracked 
| 118|0x0000000087600000, 0x0000000087600000, 0x0000000087700000|  0%| F|  |TAMS 0x0000000087600000, 0x0000000087600000| Untracked 
| 119|0x0000000087700000, 0x0000000087700000, 0x0000000087800000|  0%| F|  |TAMS 0x0000000087700000, 0x0000000087700000| Untracked 
| 120|0x0000000087800000, 0x0000000087800000, 0x0000000087900000|  0%| F|  |TAMS 0x0000000087800000, 0x0000000087800000| Untracked 
| 121|0x0000000087900000, 0x0000000087900000, 0x0000000087a00000|  0%| F|  |TAMS 0x0000000087900000, 0x0000000087900000| Untracked 
| 122|0x0000000087a00000, 0x0000000087a00000, 0x0000000087b00000|  0%| F|  |TAMS 0x0000000087a00000, 0x0000000087a00000| Untracked 
| 123|0x0000000087b00000, 0x0000000087b00000, 0x0000000087c00000|  0%| F|  |TAMS 0x0000000087b00000, 0x0000000087b00000| Untracked 
| 124|0x0000000087c00000, 0x0000000087c00000, 0x0000000087d00000|  0%| F|  |TAMS 0x0000000087c00000, 0x0000000087c00000| Untracked 
| 125|0x0000000087d00000, 0x0000000087d00000, 0x0000000087e00000|  0%| F|  |TAMS 0x0000000087d00000, 0x0000000087d00000| Untracked 
| 126|0x0000000087e00000, 0x0000000087e00000, 0x0000000087f00000|  0%| F|  |TAMS 0x0000000087e00000, 0x0000000087e00000| Untracked 
| 127|0x0000000087f00000, 0x0000000087f00000, 0x0000000088000000|  0%| F|  |TAMS 0x0000000087f00000, 0x0000000087f00000| Untracked 
| 128|0x0000000088000000, 0x0000000088000000, 0x0000000088100000|  0%| F|  |TAMS 0x0000000088000000, 0x0000000088000000| Untracked 
| 129|0x0000000088100000, 0x0000000088100000, 0x0000000088200000|  0%| F|  |TAMS 0x0000000088100000, 0x0000000088100000| Untracked 
| 130|0x0000000088200000, 0x0000000088200000, 0x0000000088300000|  0%| F|  |TAMS 0x0000000088200000, 0x0000000088200000| Untracked 
| 131|0x0000000088300000, 0x0000000088300000, 0x0000000088400000|  0%| F|  |TAMS 0x0000000088300000, 0x0000000088300000| Untracked 
| 132|0x0000000088400000, 0x0000000088400000, 0x0000000088500000|  0%| F|  |TAMS 0x0000000088400000, 0x0000000088400000| Untracked 
| 133|0x0000000088500000, 0x0000000088500000, 0x0000000088600000|  0%| F|  |TAMS 0x0000000088500000, 0x0000000088500000| Untracked 
| 134|0x0000000088600000, 0x0000000088600000, 0x0000000088700000|  0%| F|  |TAMS 0x0000000088600000, 0x0000000088600000| Untracked 
| 135|0x0000000088700000, 0x0000000088700000, 0x0000000088800000|  0%| F|  |TAMS 0x0000000088700000, 0x0000000088700000| Untracked 
| 136|0x0000000088800000, 0x0000000088800000, 0x0000000088900000|  0%| F|  |TAMS 0x0000000088800000, 0x0000000088800000| Untracked 
| 137|0x0000000088900000, 0x0000000088900000, 0x0000000088a00000|  0%| F|  |TAMS 0x0000000088900000, 0x0000000088900000| Untracked 
| 138|0x0000000088a00000, 0x0000000088a00000, 0x0000000088b00000|  0%| F|  |TAMS 0x0000000088a00000, 0x0000000088a00000| Untracked 
| 139|0x0000000088b00000, 0x0000000088b00000, 0x0000000088c00000|  0%| F|  |TAMS 0x0000000088b00000, 0x0000000088b00000| Untracked 
| 140|0x0000000088c00000, 0x0000000088c00000, 0x0000000088d00000|  0%| F|  |TAMS 0x0000000088c00000, 0x0000000088c00000| Untracked 
| 141|0x0000000088d00000, 0x0000000088d00000, 0x0000000088e00000|  0%| F|  |TAMS 0x0000000088d00000, 0x0000000088d00000| Untracked 
| 142|0x0000000088e00000, 0x0000000088e00000, 0x0000000088f00000|  0%| F|  |TAMS 0x0000000088e00000, 0x0000000088e00000| Untracked 
| 143|0x0000000088f00000, 0x0000000088f00000, 0x0000000089000000|  0%| F|  |TAMS 0x0000000088f00000, 0x0000000088f00000| Untracked 
| 144|0x0000000089000000, 0x0000000089000000, 0x0000000089100000|  0%| F|  |TAMS 0x0000000089000000, 0x0000000089000000| Untracked 
| 145|0x0000000089100000, 0x0000000089100000, 0x0000000089200000|  0%| F|  |TAMS 0x0000000089100000, 0x0000000089100000| Untracked 
| 146|0x0000000089200000, 0x0000000089200000, 0x0000000089300000|  0%| F|  |TAMS 0x0000000089200000, 0x0000000089200000| Untracked 
| 147|0x0000000089300000, 0x0000000089300000, 0x0000000089400000|  0%| F|  |TAMS 0x0000000089300000, 0x0000000089300000| Untracked 
| 148|0x0000000089400000, 0x0000000089400000, 0x0000000089500000|  0%| F|  |TAMS 0x0000000089400000, 0x0000000089400000| Untracked 
| 149|0x0000000089500000, 0x0000000089500000, 0x0000000089600000|  0%| F|  |TAMS 0x0000000089500000, 0x0000000089500000| Untracked 
| 150|0x0000000089600000, 0x0000000089600000, 0x0000000089700000|  0%| F|  |TAMS 0x0000000089600000, 0x0000000089600000| Untracked 
| 151|0x0000000089700000, 0x0000000089700000, 0x0000000089800000|  0%| F|  |TAMS 0x0000000089700000, 0x0000000089700000| Untracked 
| 152|0x0000000089800000, 0x0000000089800000, 0x0000000089900000|  0%| F|  |TAMS 0x0000000089800000, 0x0000000089800000| Untracked 
| 153|0x0000000089900000, 0x0000000089900000, 0x0000000089a00000|  0%| F|  |TAMS 0x0000000089900000, 0x0000000089900000| Untracked 
| 154|0x0000000089a00000, 0x0000000089a00000, 0x0000000089b00000|  0%| F|  |TAMS 0x0000000089a00000, 0x0000000089a00000| Untracked 
| 155|0x0000000089b00000, 0x0000000089bb86c0, 0x0000000089c00000| 72%| S|CS|TAMS 0x0000000089b00000, 0x0000000089b00000| Complete 
| 156|0x0000000089c00000, 0x0000000089d00000, 0x0000000089d00000|100%| S|CS|TAMS 0x0000000089c00000, 0x0000000089c00000| Complete 
| 157|0x0000000089d00000, 0x0000000089e00000, 0x0000000089e00000|100%| S|CS|TAMS 0x0000000089d00000, 0x0000000089d00000| Complete 
| 158|0x0000000089e00000, 0x0000000089f00000, 0x0000000089f00000|100%| S|CS|TAMS 0x0000000089e00000, 0x0000000089e00000| Complete 
| 159|0x0000000089f00000, 0x0000000089f00000, 0x000000008a000000|  0%| F|  |TAMS 0x0000000089f00000, 0x0000000089f00000| Untracked 
| 160|0x000000008a000000, 0x000000008a000000, 0x000000008a100000|  0%| F|  |TAMS 0x000000008a000000, 0x000000008a000000| Untracked 
| 161|0x000000008a100000, 0x000000008a100000, 0x000000008a200000|  0%| F|  |TAMS 0x000000008a100000, 0x000000008a100000| Untracked 
| 162|0x000000008a200000, 0x000000008a200000, 0x000000008a300000|  0%| F|  |TAMS 0x000000008a200000, 0x000000008a200000| Untracked 
| 163|0x000000008a300000, 0x000000008a300000, 0x000000008a400000|  0%| F|  |TAMS 0x000000008a300000, 0x000000008a300000| Untracked 
| 164|0x000000008a400000, 0x000000008a400000, 0x000000008a500000|  0%| F|  |TAMS 0x000000008a400000, 0x000000008a400000| Untracked 
| 165|0x000000008a500000, 0x000000008a500000, 0x000000008a600000|  0%| F|  |TAMS 0x000000008a500000, 0x000000008a500000| Untracked 
| 166|0x000000008a600000, 0x000000008a600000, 0x000000008a700000|  0%| F|  |TAMS 0x000000008a600000, 0x000000008a600000| Untracked 
| 167|0x000000008a700000, 0x000000008a700000, 0x000000008a800000|  0%| F|  |TAMS 0x000000008a700000, 0x000000008a700000| Untracked 
| 168|0x000000008a800000, 0x000000008a800000, 0x000000008a900000|  0%| F|  |TAMS 0x000000008a800000, 0x000000008a800000| Untracked 

Card table byte_map: [0x00000161c47b0000,0x00000161c4bb0000] _byte_map_base: 0x00000161c43b0000

Marking Bits (Prev, Next): (CMBitMap*) 0x00000161af6cc100, (CMBitMap*) 0x00000161af6cc0c0
 Prev Bits: [0x00000161c6fb0000, 0x00000161c8fb0000)
 Next Bits: [0x00000161c4fb0000, 0x00000161c6fb0000)

Polling page: 0x00000161af150000

Metaspace:

Usage:
  Non-class:     73.61 MB used.
      Class:     11.25 MB used.
       Both:     84.86 MB used.

Virtual space:
  Non-class space:       80.00 MB reserved,      74.00 MB ( 92%) committed,  10 nodes.
      Class space:        1.00 GB reserved,      11.50 MB (  1%) committed,  1 nodes.
             Both:        1.08 GB reserved,      85.50 MB (  8%) committed. 

Chunk freelists:
   Non-Class:  1.92 MB
       Class:  464.00 KB
        Both:  2.38 MB

MaxMetaspaceSize: unlimited
CompressedClassSpaceSize: 1.00 GB
Initial GC threshold: 21.00 MB
Current GC threshold: 133.06 MB
CDS: off
MetaspaceReclaimPolicy: balanced
 - commit_granule_bytes: 65536.
 - commit_granule_words: 8192.
 - virtual_space_node_default_size: 1048576.
 - enlarge_chunks_in_place: 1.
 - new_chunks_are_fully_committed: 0.
 - uncommit_free_chunks: 1.
 - use_allocation_guard: 0.
 - handle_deallocations: 1.


Internal statistics:

num_allocs_failed_limit: 3.
num_arena_births: 706.
num_arena_deaths: 0.
num_vsnodes_births: 11.
num_vsnodes_deaths: 0.
num_space_committed: 1366.
num_space_uncommitted: 0.
num_chunks_returned_to_freelist: 3.
num_chunks_taken_from_freelist: 3505.
num_chunk_merges: 3.
num_chunk_splits: 2627.
num_chunks_enlarged: 2080.
num_purges: 0.
num_inconsistent_stats: 0.

CodeHeap 'non-profiled nmethods': size=120000Kb used=2562Kb max_used=2897Kb free=117437Kb
 bounds [0x00000161bc200000, 0x00000161bc4e0000, 0x00000161c3730000]
CodeHeap 'profiled nmethods': size=120000Kb used=10615Kb max_used=10615Kb free=109385Kb
 bounds [0x00000161b4730000, 0x00000161b5190000, 0x00000161bbc60000]
CodeHeap 'non-nmethods': size=5760Kb used=2382Kb max_used=2403Kb free=3377Kb
 bounds [0x00000161bbc60000, 0x00000161bbed0000, 0x00000161bc200000]
 total_blobs=6398 nmethods=5480 adapters=830
 compilation: enabled
              stopped_count=0, restarted_count=0
 full_count=0

Compilation events (20 events):
Event: 6.698 Thread 0x00000161cc847250 6249       3       org.jetbrains.kotlin.serialization.deserialization.descriptors.DeserializedMemberScope$OptimizedImplementation::getTypeAliasNames (10 bytes)
Event: 6.698 Thread 0x00000161cc847250 nmethod 6249 0x00000161b518db90 code [0x00000161b518dd40, 0x00000161b518df08]
Event: 6.698 Thread 0x00000161cc847250 6250       3       java.util.LinkedHashMap$LinkedKeySet::contains (9 bytes)
Event: 6.698 Thread 0x00000161cc847250 nmethod 6250 0x00000161b518e010 code [0x00000161b518e1c0, 0x00000161b518e448]
Event: 6.698 Thread 0x00000161cc847250 6252       1       org.jetbrains.kotlin.util.AttributeArrayOwner::getArrayMap (5 bytes)
Event: 6.698 Thread 0x00000161cc847250 nmethod 6252 0x00000161bc40b810 code [0x00000161bc40b9a0, 0x00000161bc40ba78]
Event: 6.698 Thread 0x00000161cc843360 nmethod 6212 0x00000161bc40b390 code [0x00000161bc40b520, 0x00000161bc40b668]
Event: 6.698 Thread 0x00000161cc843360 6246       4       java.text.StringCharacterIterator::next (46 bytes)
Event: 6.699 Thread 0x00000161cc843360 nmethod 6246 0x00000161bc40af10 code [0x00000161bc40b0a0, 0x00000161bc40b1e8]
Event: 6.699 Thread 0x00000161cc843360 6183       4       org.jetbrains.kotlin.com.intellij.util.containers.IntArrayList::checkRange (52 bytes)
Event: 6.699 Thread 0x00000161cc843360 nmethod 6183 0x00000161bc40ac10 code [0x00000161bc40ad80, 0x00000161bc40ae38]
Event: 6.699 Thread 0x00000161cc843360 6235       4       java.util.Collection::stream (11 bytes)
Event: 6.701 Thread 0x00000161cc843360 nmethod 6235 0x00000161bc40a590 code [0x00000161bc40a720, 0x00000161bc40aa38]
Event: 6.701 Thread 0x00000161cc843360 6214       4       org.jetbrains.kotlin.it.unimi.dsi.fastutil.HashCommon::mix (12 bytes)
Event: 6.701 Thread 0x00000161cc843360 nmethod 6214 0x00000161bc40a290 code [0x00000161bc40a400, 0x00000161bc40a478]
Event: 6.701 Thread 0x00000161cc843360 6198       4       java.util.ArrayList::subList (20 bytes)
Event: 6.702 Thread 0x00000161cc843360 nmethod 6198 0x00000161bc409e90 code [0x00000161bc40a020, 0x00000161bc40a178]
Event: 6.702 Thread 0x00000161cc843360 6253       4       java.lang.ClassLoader::getNamedPackage (73 bytes)
Event: 6.711 Thread 0x00000161cc843360 nmethod 6253 0x00000161bc408a90 code [0x00000161bc408c60, 0x00000161bc4097a8]
Event: 6.711 Thread 0x00000161cc843360 6255       4       java.lang.String::indexOf (7 bytes)

GC Heap History (20 events):
Event: 4.075 GC heap after
{Heap after GC invocations=21 (full 0):
 garbage-first heap   total 142336K, used 67272K [0x0000000080000000, 0x0000000100000000)
  region size 1024K, 4 young (4096K), 4 survivors (4096K)
 Metaspace       used 47316K, committed 47744K, reserved 1097728K
  class space    used 6269K, committed 6464K, reserved 1048576K
}
Event: 4.369 GC heap before
{Heap before GC invocations=21 (full 0):
 garbage-first heap   total 142336K, used 104136K [0x0000000080000000, 0x0000000100000000)
  region size 1024K, 40 young (40960K), 4 survivors (4096K)
 Metaspace       used 51044K, committed 51584K, reserved 1097728K
  class space    used 6726K, committed 6976K, reserved 1048576K
}
Event: 4.371 GC heap after
{Heap after GC invocations=22 (full 0):
 garbage-first heap   total 142336K, used 69024K [0x0000000080000000, 0x0000000100000000)
  region size 1024K, 4 young (4096K), 4 survivors (4096K)
 Metaspace       used 51044K, committed 51584K, reserved 1097728K
  class space    used 6726K, committed 6976K, reserved 1048576K
}
Event: 4.701 GC heap before
{Heap before GC invocations=22 (full 0):
 garbage-first heap   total 142336K, used 106912K [0x0000000080000000, 0x0000000100000000)
  region size 1024K, 41 young (41984K), 4 survivors (4096K)
 Metaspace       used 57411K, committed 57984K, reserved 1105920K
  class space    used 8021K, committed 8256K, reserved 1048576K
}
Event: 4.704 GC heap after
{Heap after GC invocations=23 (full 0):
 garbage-first heap   total 142336K, used 70787K [0x0000000080000000, 0x0000000100000000)
  region size 1024K, 4 young (4096K), 4 survivors (4096K)
 Metaspace       used 57411K, committed 57984K, reserved 1105920K
  class space    used 8021K, committed 8256K, reserved 1048576K
}
Event: 5.024 GC heap before
{Heap before GC invocations=24 (full 0):
 garbage-first heap   total 142336K, used 101507K [0x0000000080000000, 0x0000000100000000)
  region size 1024K, 35 young (35840K), 4 survivors (4096K)
 Metaspace       used 62226K, committed 62784K, reserved 1105920K
  class space    used 8646K, committed 8896K, reserved 1048576K
}
Event: 5.027 GC heap after
{Heap after GC invocations=25 (full 0):
 garbage-first heap   total 142336K, used 71798K [0x0000000080000000, 0x0000000100000000)
  region size 1024K, 3 young (3072K), 3 survivors (3072K)
 Metaspace       used 62226K, committed 62784K, reserved 1105920K
  class space    used 8646K, committed 8896K, reserved 1048576K
}
Event: 5.396 GC heap before
{Heap before GC invocations=26 (full 0):
 garbage-first heap   total 142336K, used 113782K [0x0000000080000000, 0x0000000100000000)
  region size 1024K, 41 young (41984K), 3 survivors (3072K)
 Metaspace       used 68469K, committed 69056K, reserved 1114112K
  class space    used 9435K, committed 9728K, reserved 1048576K
}
Event: 5.398 GC heap after
{Heap after GC invocations=27 (full 0):
 garbage-first heap   total 142336K, used 76876K [0x0000000080000000, 0x0000000100000000)
  region size 1024K, 4 young (4096K), 4 survivors (4096K)
 Metaspace       used 68469K, committed 69056K, reserved 1114112K
  class space    used 9435K, committed 9728K, reserved 1048576K
}
Event: 5.557 GC heap before
{Heap before GC invocations=28 (full 0):
 garbage-first heap   total 142336K, used 121932K [0x0000000080000000, 0x0000000100000000)
  region size 1024K, 42 young (43008K), 4 survivors (4096K)
 Metaspace       used 68882K, committed 69504K, reserved 1114112K
  class space    used 9472K, committed 9728K, reserved 1048576K
}
Event: 5.564 GC heap after
{Heap after GC invocations=29 (full 0):
 garbage-first heap   total 142336K, used 86370K [0x0000000080000000, 0x0000000100000000)
  region size 1024K, 6 young (6144K), 6 survivors (6144K)
 Metaspace       used 68882K, committed 69504K, reserved 1114112K
  class space    used 9472K, committed 9728K, reserved 1048576K
}
Event: 5.799 GC heap before
{Heap before GC invocations=29 (full 0):
 garbage-first heap   total 142336K, used 115042K [0x0000000080000000, 0x0000000100000000)
  region size 1024K, 34 young (34816K), 6 survivors (6144K)
 Metaspace       used 72718K, committed 73280K, reserved 1114112K
  class space    used 9932K, committed 10176K, reserved 1048576K
}
Event: 5.803 GC heap after
{Heap after GC invocations=30 (full 0):
 garbage-first heap   total 142336K, used 88800K [0x0000000080000000, 0x0000000100000000)
  region size 1024K, 3 young (3072K), 3 survivors (3072K)
 Metaspace       used 72718K, committed 73280K, reserved 1114112K
  class space    used 9932K, committed 10176K, reserved 1048576K
}
Event: 6.036 GC heap before
{Heap before GC invocations=31 (full 0):
 garbage-first heap   total 163840K, used 121568K [0x0000000080000000, 0x0000000100000000)
  region size 1024K, 29 young (29696K), 3 survivors (3072K)
 Metaspace       used 75695K, committed 76352K, reserved 1122304K
  class space    used 10256K, committed 10560K, reserved 1048576K
}
Event: 6.038 GC heap after
{Heap after GC invocations=32 (full 0):
 garbage-first heap   total 163840K, used 98154K [0x0000000080000000, 0x0000000100000000)
  region size 1024K, 4 young (4096K), 4 survivors (4096K)
 Metaspace       used 75695K, committed 76352K, reserved 1122304K
  class space    used 10256K, committed 10560K, reserved 1048576K
}
Event: 6.323 GC heap before
{Heap before GC invocations=32 (full 0):
 garbage-first heap   total 163840K, used 132970K [0x0000000080000000, 0x0000000100000000)
  region size 1024K, 38 young (38912K), 4 survivors (4096K)
 Metaspace       used 80841K, committed 81472K, reserved 1122304K
  class space    used 10743K, committed 11008K, reserved 1048576K
}
Event: 6.326 GC heap after
{Heap after GC invocations=33 (full 0):
 garbage-first heap   total 163840K, used 100609K [0x0000000080000000, 0x0000000100000000)
  region size 1024K, 5 young (5120K), 5 survivors (5120K)
 Metaspace       used 80841K, committed 81472K, reserved 1122304K
  class space    used 10743K, committed 11008K, reserved 1048576K
}
Event: 6.625 GC heap before
{Heap before GC invocations=34 (full 0):
 garbage-first heap   total 173056K, used 135425K [0x0000000080000000, 0x0000000100000000)
  region size 1024K, 39 young (39936K), 5 survivors (5120K)
 Metaspace       used 85813K, committed 86400K, reserved 1130496K
  class space    used 11390K, committed 11648K, reserved 1048576K
}
Event: 6.628 GC heap after
{Heap after GC invocations=35 (full 0):
 garbage-first heap   total 173056K, used 102888K [0x0000000080000000, 0x0000000100000000)
  region size 1024K, 5 young (5120K), 5 survivors (5120K)
 Metaspace       used 85813K, committed 86400K, reserved 1130496K
  class space    used 11390K, committed 11648K, reserved 1048576K
}
Event: 6.711 GC heap before
{Heap before GC invocations=35 (full 0):
 garbage-first heap   total 173056K, used 112104K [0x0000000080000000, 0x0000000100000000)
  region size 1024K, 15 young (15360K), 5 survivors (5120K)
 Metaspace       used 86892K, committed 87552K, reserved 1130496K
  class space    used 11516K, committed 11776K, reserved 1048576K
}

Dll operation events (2 events):
Event: 0.023 Loaded shared library C:\Program Files\Android\Android Studio\jbr\bin\java.dll
Event: 0.368 Loaded shared library C:\Program Files\Android\Android Studio\jbr\bin\verify.dll

Deoptimization events (20 events):
Event: 6.382 Thread 0x00000161cdd897a0 Uncommon trap: trap_request=0xffffffc6 fr.pc=0x00000161bc21a130 relative=0x00000000000002f0
Event: 6.382 Thread 0x00000161cdd897a0 Uncommon trap: reason=bimorphic_or_optimized_type_check action=maybe_recompile pc=0x00000161bc21a130 method=org.jetbrains.kotlin.protobuf.CodedInputStream.tryRefillBuffer(I)Z @ 177 c2
Event: 6.382 Thread 0x00000161cdd897a0 DEOPT PACKING pc=0x00000161bc21a130 sp=0x0000003dc86f4280
Event: 6.382 Thread 0x00000161cdd897a0 DEOPT UNPACKING pc=0x00000161bbcb69a3 sp=0x0000003dc86f41b8 mode 2
Event: 6.404 Thread 0x00000161cdd897a0 DEOPT PACKING pc=0x00000161b4b3a6d4 sp=0x0000003dc86f2dd0
Event: 6.404 Thread 0x00000161cdd897a0 DEOPT UNPACKING pc=0x00000161bbcb7143 sp=0x0000003dc86f2328 mode 0
Event: 6.433 Thread 0x00000161cdd897a0 Uncommon trap: trap_request=0xffffffdc fr.pc=0x00000161bc244bbc relative=0x000000000000021c
Event: 6.433 Thread 0x00000161cdd897a0 Uncommon trap: reason=class_check action=make_not_entrant pc=0x00000161bc244bbc method=java.util.ArrayList.toArray([Ljava/lang/Object;)[Ljava/lang/Object; @ 21 c2
Event: 6.433 Thread 0x00000161cdd897a0 DEOPT PACKING pc=0x00000161bc244bbc sp=0x0000003dc86f4150
Event: 6.433 Thread 0x00000161cdd897a0 DEOPT UNPACKING pc=0x00000161bbcb69a3 sp=0x0000003dc86f4120 mode 2
Event: 6.453 Thread 0x00000161cdd897a0 DEOPT PACKING pc=0x00000161b484ddc4 sp=0x0000003dc86f3c50
Event: 6.453 Thread 0x00000161cdd897a0 DEOPT UNPACKING pc=0x00000161bbcb7143 sp=0x0000003dc86f3220 mode 0
Event: 6.465 Thread 0x00000161cdd897a0 Uncommon trap: trap_request=0xffffff45 fr.pc=0x00000161bc2419cc relative=0x000000000000004c
Event: 6.465 Thread 0x00000161cdd897a0 Uncommon trap: reason=unstable_if action=reinterpret pc=0x00000161bc2419cc method=org.jetbrains.kotlin.protobuf.CodedOutputStream.computeRawVarint32Size(I)I @ 14 c2
Event: 6.465 Thread 0x00000161cdd897a0 DEOPT PACKING pc=0x00000161bc2419cc sp=0x0000003dc86f4080
Event: 6.465 Thread 0x00000161cdd897a0 DEOPT UNPACKING pc=0x00000161bbcb69a3 sp=0x0000003dc86f4018 mode 2
Event: 6.642 Thread 0x00000161cdd897a0 Uncommon trap: trap_request=0xffffff45 fr.pc=0x00000161bc293564 relative=0x00000000000000c4
Event: 6.642 Thread 0x00000161cdd897a0 Uncommon trap: reason=unstable_if action=reinterpret pc=0x00000161bc293564 method=java.text.StringCharacterIterator.current()C @ 19 c2
Event: 6.642 Thread 0x00000161cdd897a0 DEOPT PACKING pc=0x00000161bc293564 sp=0x0000003dc86f2330
Event: 6.642 Thread 0x00000161cdd897a0 DEOPT UNPACKING pc=0x00000161bbcb69a3 sp=0x0000003dc86f22c8 mode 2

Classes unloaded (0 events):
No events

Classes redefined (0 events):
No events

Internal exceptions (20 events):
Event: 4.321 Thread 0x00000161cdd897a0 Exception <a 'java/lang/NoSuchMethodError'{0x0000000086798120}: 'java.lang.Object java.lang.invoke.DirectMethodHandle$Holder.invokeStaticInit(java.lang.Object, int)'> (0x0000000086798120) 
thrown [s\src\hotspot\share\interpreter\linkResolver.cpp, line 771]
Event: 4.335 Thread 0x00000161cdd897a0 Exception <a 'java/lang/NoSuchMethodError'{0x00000000866b9838}: 'int java.lang.invoke.DelegatingMethodHandle$Holder.reinvoke_L(java.lang.Object, java.lang.Object, java.lang.Object, long, int, int)'> (0x00000000866b9838) 
thrown [s\src\hotspot\share\interpreter\linkResolver.cpp, line 771]
Event: 4.335 Thread 0x00000161cdd897a0 Exception <a 'java/lang/NoSuchMethodError'{0x00000000866c9408}: 'int java.lang.invoke.DelegatingMethodHandle$Holder.reinvoke_L(java.lang.Object, java.lang.Object, java.lang.Object, long, long, long)'> (0x00000000866c9408) 
thrown [s\src\hotspot\share\interpreter\linkResolver.cpp, line 771]
Event: 4.336 Thread 0x00000161cdd897a0 Exception <a 'java/lang/NoSuchMethodError'{0x00000000866d92e0}: 'int java.lang.invoke.DelegatingMethodHandle$Holder.reinvoke_L(java.lang.Object, java.lang.Object, java.lang.Object, long, java.lang.Object, java.lang.Object)'> (0x00000000866d92e0) 
thrown [s\src\hotspot\share\interpreter\linkResolver.cpp, line 771]
Event: 4.336 Thread 0x00000161cdd897a0 Exception <a 'java/lang/NoSuchMethodError'{0x00000000866e9000}: 'void java.lang.invoke.DelegatingMethodHandle$Holder.reinvoke_L(java.lang.Object, java.lang.Object, java.lang.Object, long, java.lang.Object)'> (0x00000000866e9000) 
thrown [s\src\hotspot\share\interpreter\linkResolver.cpp, line 771]
Event: 4.337 Thread 0x00000161cdd897a0 Exception <a 'java/lang/NoSuchMethodError'{0x00000000866f1688}: 'java.lang.Object java.lang.invoke.DirectMethodHandle$Holder.invokeSpecial(java.lang.Object, java.lang.Object, java.lang.Object, java.lang.Object, long)'> (0x00000000866f1688) 
thrown [s\src\hotspot\share\interpreter\linkResolver.cpp, line 771]
Event: 4.338 Thread 0x00000161cdd897a0 Exception <a 'java/lang/NoSuchMethodError'{0x0000000086516140}: 'long java.lang.invoke.Invokers$Holder.invoke_MT(java.lang.Object, java.lang.Object, java.lang.Object, java.lang.Object)'> (0x0000000086516140) 
thrown [s\src\hotspot\share\interpreter\linkResolver.cpp, line 771]
Event: 4.339 Thread 0x00000161cdd897a0 Exception <a 'java/lang/NoSuchMethodError'{0x000000008651f240}: 'int java.lang.invoke.Invokers$Holder.invoke_MT(java.lang.Object, java.lang.Object, java.lang.Object, java.lang.Object)'> (0x000000008651f240) 
thrown [s\src\hotspot\share\interpreter\linkResolver.cpp, line 771]
Event: 4.340 Thread 0x00000161cdd897a0 Exception <a 'java/lang/NoSuchMethodError'{0x0000000086530288}: 'int java.lang.invoke.DelegatingMethodHandle$Holder.reinvoke_L(java.lang.Object, java.lang.Object, java.lang.Object, long, int)'> (0x0000000086530288) 
thrown [s\src\hotspot\share\interpreter\linkResolver.cpp, line 771]
Event: 4.340 Thread 0x00000161cdd897a0 Exception <a 'java/lang/NoSuchMethodError'{0x00000000865434e8}: 'java.lang.Object java.lang.invoke.Invokers$Holder.invokeExact_MT(java.lang.Object, java.lang.Object, long, java.lang.Object)'> (0x00000000865434e8) 
thrown [s\src\hotspot\share\interpreter\linkResolver.cpp, line 771]
Event: 4.906 Thread 0x00000161cdd897a0 Exception <a 'java/lang/NoSuchMethodError'{0x00000000877aa2e0}: 'long java.lang.invoke.DirectMethodHandle$Holder.invokeStatic(java.lang.Object)'> (0x00000000877aa2e0) 
thrown [s\src\hotspot\share\interpreter\linkResolver.cpp, line 771]
Event: 4.906 Thread 0x00000161cdd897a0 Exception <a 'java/lang/NoSuchMethodError'{0x00000000877aeec8}: 'long java.lang.invoke.DirectMethodHandle$Holder.invokeStaticInit(java.lang.Object)'> (0x00000000877aeec8) 
thrown [s\src\hotspot\share\interpreter\linkResolver.cpp, line 771]
Event: 5.021 Thread 0x00000161cdd897a0 Implicit null exception at 0x00000161bc3b740c to 0x00000161bc3b7542
Event: 5.246 Thread 0x00000161cdd897a0 Exception <a 'java/lang/NoSuchMethodError'{0x00000000875c7c80}: 'void java.lang.invoke.DirectMethodHandle$Holder.invokeVirtual(java.lang.Object, java.lang.Object)'> (0x00000000875c7c80) 
thrown [s\src\hotspot\share\interpreter\linkResolver.cpp, line 771]
Event: 5.380 Thread 0x00000161cdd897a0 Exception <a 'java/lang/NoSuchMethodError'{0x0000000086312ab8}: 'java.lang.Object java.lang.invoke.Invokers$Holder.invoke_MT(java.lang.Object, java.lang.Object, java.lang.Object)'> (0x0000000086312ab8) 
thrown [s\src\hotspot\share\interpreter\linkResolver.cpp, line 771]
Event: 5.502 Thread 0x00000161cdd897a0 Implicit null exception at 0x00000161bc4bcb45 to 0x00000161bc4bea68
Event: 6.600 Thread 0x00000161cdd897a0 Exception <a 'java/lang/NoSuchMethodError'{0x000000008892cf28}: 'java.lang.Object java.lang.invoke.DirectMethodHandle$Holder.invokeStatic(java.lang.Object, java.lang.Object, java.lang.Object, java.lang.Object, int)'> (0x000000008892cf28) 
thrown [s\src\hotspot\share\interpreter\linkResolver.cpp, line 771]
Event: 6.600 Thread 0x00000161cdd897a0 Exception <a 'java/lang/NoSuchMethodError'{0x0000000088938058}: 'java.lang.Object java.lang.invoke.DirectMethodHandle$Holder.newInvokeSpecial(java.lang.Object, java.lang.Object, java.lang.Object, java.lang.Object, int)'> (0x0000000088938058) 
thrown [s\src\hotspot\share\interpreter\linkResolver.cpp, line 771]
Event: 6.600 Thread 0x00000161cdd897a0 Exception <a 'java/lang/NoSuchMethodError'{0x000000008893e0c8}: 'java.lang.Object java.lang.invoke.DirectMethodHandle$Holder.invokeSpecial(java.lang.Object, java.lang.Object, java.lang.Object, java.lang.Object, java.lang.Object, int)'> (0x000000008893e0c8) 
thrown [s\src\hotspot\share\interpreter\linkResolver.cpp, line 771]
Event: 6.601 Thread 0x00000161cdd897a0 Exception <a 'java/lang/NoSuchMethodError'{0x0000000088943ae8}: 'java.lang.Object java.lang.invoke.Invokers$Holder.linkToTargetMethod(java.lang.Object, java.lang.Object, java.lang.Object, int, java.lang.Object)'> (0x0000000088943ae8) 
thrown [s\src\hotspot\share\interpreter\linkResolver.cpp, line 771]

VM Operations (20 events):
Event: 6.313 Executing VM operation: HandshakeAllThreads done
Event: 6.322 Executing VM operation: HandshakeAllThreads
Event: 6.322 Executing VM operation: HandshakeAllThreads done
Event: 6.323 Executing VM operation: G1CollectForAllocation
Event: 6.326 Executing VM operation: G1CollectForAllocation done
Event: 6.345 Executing VM operation: G1Concurrent
Event: 6.346 Executing VM operation: G1Concurrent done
Event: 6.353 Executing VM operation: G1Concurrent
Event: 6.353 Executing VM operation: G1Concurrent done
Event: 6.373 Executing VM operation: HandshakeAllThreads
Event: 6.373 Executing VM operation: HandshakeAllThreads done
Event: 6.453 Executing VM operation: HandshakeAllThreads
Event: 6.453 Executing VM operation: HandshakeAllThreads done
Event: 6.587 Executing VM operation: HandshakeAllThreads
Event: 6.587 Executing VM operation: HandshakeAllThreads done
Event: 6.589 Executing VM operation: HandshakeAllThreads
Event: 6.589 Executing VM operation: HandshakeAllThreads done
Event: 6.625 Executing VM operation: G1CollectForAllocation
Event: 6.628 Executing VM operation: G1CollectForAllocation done
Event: 6.711 Executing VM operation: G1TryInitiateConcMark

Events (20 events):
Event: 5.612 Thread 0x00000161cc84fc50 flushing nmethod 0x00000161b50d4610
Event: 5.612 Thread 0x00000161cc84fc50 flushing nmethod 0x00000161b50dde90
Event: 5.612 Thread 0x00000161cc84fc50 flushing nmethod 0x00000161b50de290
Event: 5.612 Thread 0x00000161cc84fc50 flushing nmethod 0x00000161b50dfe90
Event: 6.312 loading class java/util/ArrayList$ListItr
Event: 6.312 loading class java/util/ArrayList$ListItr done
Event: 6.447 loading class java/text/StringCharacterIterator
Event: 6.448 loading class java/text/CharacterIterator
Event: 6.448 loading class java/text/CharacterIterator done
Event: 6.448 loading class java/text/StringCharacterIterator done
Event: 6.470 loading class java/io/NotSerializableException
Event: 6.470 loading class java/io/NotSerializableException done
Event: 6.567 loading class java/util/function/IntUnaryOperator
Event: 6.567 loading class java/util/function/IntUnaryOperator done
Event: 6.588 loading class java/util/AbstractList$SubList
Event: 6.588 loading class java/util/AbstractList$SubList done
Event: 6.588 loading class java/util/AbstractList$SubList$1
Event: 6.588 loading class java/util/AbstractList$SubList$1 done
Event: 6.588 loading class java/util/AbstractList$ListItr
Event: 6.588 loading class java/util/AbstractList$ListItr done


Dynamic libraries:
0x00007ff7b4b40000 - 0x00007ff7b4b4a000 	C:\Program Files\Android\Android Studio\jbr\bin\java.exe
0x00007ff89be30000 - 0x00007ff89c047000 	C:\Windows\SYSTEM32\ntdll.dll
0x00007ff89af90000 - 0x00007ff89b054000 	C:\Windows\System32\KERNEL32.DLL
0x00007ff899640000 - 0x00007ff8999e6000 	C:\Windows\System32\KERNELBASE.dll
0x00007ff84f3e0000 - 0x00007ff84f4bb000 	C:\Program Files\Bitdefender\Endpoint Security\bdhkm\dlls_267034223321508109\bdhkm64.dll
0x00007ff84f220000 - 0x00007ff84f3d3000 	C:\Program Files\Bitdefender\Endpoint Security\atcuf\dlls_267239539599668931\atcuf64.dll
0x00007ff899430000 - 0x00007ff899541000 	C:\Windows\System32\ucrtbase.dll
0x00007ff86b070000 - 0x00007ff86b087000 	C:\Program Files\Android\Android Studio\jbr\bin\jli.dll
0x00007ff89b800000 - 0x00007ff89b9ae000 	C:\Windows\System32\USER32.dll
0x00007ff899170000 - 0x00007ff899196000 	C:\Windows\System32\win32u.dll
0x00007ff89b590000 - 0x00007ff89b5b9000 	C:\Windows\System32\GDI32.dll
0x00007ff899310000 - 0x00007ff899428000 	C:\Windows\System32\gdi32full.dll
0x00007ff899a20000 - 0x00007ff899aba000 	C:\Windows\System32\msvcp_win.dll
0x00007ff880900000 - 0x00007ff88091b000 	C:\Program Files\Android\Android Studio\jbr\bin\VCRUNTIME140.dll
0x00007ff8885f0000 - 0x00007ff888883000 	C:\Windows\WinSxS\amd64_microsoft.windows.common-controls_6595b64144ccf1df_6.0.22621.2506_none_270c5ae97388e100\COMCTL32.dll
0x00007ff89bd40000 - 0x00007ff89bde7000 	C:\Windows\System32\msvcrt.dll
0x00007ff89ac90000 - 0x00007ff89acc1000 	C:\Windows\System32\IMM32.DLL
0x00007ff889630000 - 0x00007ff88963c000 	C:\Program Files\Android\Android Studio\jbr\bin\vcruntime140_1.dll
0x00007ff802c30000 - 0x00007ff802cbd000 	C:\Program Files\Android\Android Studio\jbr\bin\msvcp140.dll
0x00007ffff16a0000 - 0x00007ffff230e000 	C:\Program Files\Android\Android Studio\jbr\bin\server\jvm.dll
0x00007ff89a110000 - 0x00007ff89a1c3000 	C:\Windows\System32\ADVAPI32.dll
0x00007ff89aa30000 - 0x00007ff89aad8000 	C:\Windows\System32\sechost.dll
0x00007ff8999f0000 - 0x00007ff899a18000 	C:\Windows\System32\bcrypt.dll
0x00007ff89bc20000 - 0x00007ff89bd37000 	C:\Windows\System32\RPCRT4.dll
0x00007ff86c710000 - 0x00007ff86c719000 	C:\Windows\SYSTEM32\WSOCK32.dll
0x00007ff89b5c0000 - 0x00007ff89b631000 	C:\Windows\System32\WS2_32.dll
0x00007ff88e180000 - 0x00007ff88e1b4000 	C:\Windows\SYSTEM32\WINMM.dll
0x00007ff88efc0000 - 0x00007ff88efca000 	C:\Windows\SYSTEM32\VERSION.dll
0x00007ff898170000 - 0x00007ff898188000 	C:\Windows\SYSTEM32\kernel.appcore.dll
0x00007ff8957c0000 - 0x00007ff8957ca000 	C:\Program Files\Android\Android Studio\jbr\bin\jimage.dll
0x00007ff890910000 - 0x00007ff890b43000 	C:\Windows\SYSTEM32\DBGHELP.DLL
0x00007ff899b80000 - 0x00007ff899f09000 	C:\Windows\System32\combase.dll
0x00007ff89aeb0000 - 0x00007ff89af87000 	C:\Windows\System32\OLEAUT32.dll
0x00007ff86eb80000 - 0x00007ff86ebb2000 	C:\Windows\SYSTEM32\dbgcore.DLL
0x00007ff8995c0000 - 0x00007ff89963a000 	C:\Windows\System32\bcryptPrimitives.dll
0x00007ff8896f0000 - 0x00007ff889715000 	C:\Program Files\Android\Android Studio\jbr\bin\java.dll
0x00007ff890780000 - 0x00007ff890798000 	C:\Program Files\Android\Android Studio\jbr\bin\zip.dll
0x00007ff89a1d0000 - 0x00007ff89aa2b000 	C:\Windows\System32\SHELL32.dll
0x00007ff896ef0000 - 0x00007ff8977e6000 	C:\Windows\SYSTEM32\windows.storage.dll
0x00007ff896d60000 - 0x00007ff896e9e000 	C:\Windows\SYSTEM32\wintypes.dll
0x00007ff89ab30000 - 0x00007ff89ac23000 	C:\Windows\System32\SHCORE.dll
0x00007ff89bbc0000 - 0x00007ff89bc1e000 	C:\Windows\System32\shlwapi.dll
0x00007ff8990a0000 - 0x00007ff8990c6000 	C:\Windows\SYSTEM32\profapi.dll
0x00007ff880980000 - 0x00007ff880999000 	C:\Program Files\Android\Android Studio\jbr\bin\net.dll
0x00007ff892e20000 - 0x00007ff892f57000 	C:\Windows\SYSTEM32\WINHTTP.dll
0x00007ff8985e0000 - 0x00007ff898649000 	C:\Windows\system32\mswsock.dll
0x00007ff880960000 - 0x00007ff880976000 	C:\Program Files\Android\Android Studio\jbr\bin\nio.dll
0x00007ff8920b0000 - 0x00007ff8920c0000 	C:\Program Files\Android\Android Studio\jbr\bin\verify.dll
0x00007ff880920000 - 0x00007ff880947000 	C:\Users\aluno.SENAIESCOLA\.gradle\native\68d5fa5c4cc2d200863cafc0d521ce42e7d3e7ee720ec0a83991735586a16f82\windows-amd64\native-platform.dll
0x00007ffff0190000 - 0x00007ffff02d4000 	C:\Users\aluno.SENAIESCOLA\.gradle\native\e376f236ea51e6404a007f0833ffe2c6e607c4080706a723a18a27aeea778392\windows-amd64\native-platform-file-events.dll
0x00007ff891f20000 - 0x00007ff891f29000 	C:\Program Files\Android\Android Studio\jbr\bin\management.dll
0x00007ff8907f0000 - 0x00007ff8907fb000 	C:\Program Files\Android\Android Studio\jbr\bin\management_ext.dll
0x00007ff89a0f0000 - 0x00007ff89a0f8000 	C:\Windows\System32\PSAPI.DLL
0x00007ff898930000 - 0x00007ff89894b000 	C:\Windows\SYSTEM32\CRYPTSP.dll
0x00007ff8980d0000 - 0x00007ff898105000 	C:\Windows\system32\rsaenh.dll
0x00007ff898680000 - 0x00007ff8986ac000 	C:\Windows\SYSTEM32\USERENV.dll
0x00007ff898910000 - 0x00007ff89891c000 	C:\Windows\SYSTEM32\CRYPTBASE.dll
0x00007ff8979f0000 - 0x00007ff897a1d000 	C:\Windows\SYSTEM32\IPHLPAPI.DLL
0x00007ff89ae80000 - 0x00007ff89ae89000 	C:\Windows\System32\NSI.dll
0x00007ff8932c0000 - 0x00007ff8932d9000 	C:\Windows\SYSTEM32\dhcpcsvc6.DLL
0x00007ff893160000 - 0x00007ff89317f000 	C:\Windows\SYSTEM32\dhcpcsvc.DLL
0x00007ff897a20000 - 0x00007ff897b19000 	C:\Windows\SYSTEM32\DNSAPI.dll
0x00007ff889b70000 - 0x00007ff889b78000 	C:\Windows\system32\wshunix.dll

dbghelp: loaded successfully - version: 4.0.5 - missing functions: none
symbol engine: initialized successfully - sym options: 0x614 - pdb path: .;C:\Program Files\Android\Android Studio\jbr\bin;C:\Windows\SYSTEM32;C:\Program Files\Bitdefender\Endpoint Security\bdhkm\dlls_267034223321508109;C:\Program Files\Bitdefender\Endpoint Security\atcuf\dlls_267239539599668931;C:\Windows\WinSxS\amd64_microsoft.windows.common-controls_6595b64144ccf1df_6.0.22621.2506_none_270c5ae97388e100;C:\Program Files\Android\Android Studio\jbr\bin\server;C:\Users\aluno.SENAIESCOLA\.gradle\native\68d5fa5c4cc2d200863cafc0d521ce42e7d3e7ee720ec0a83991735586a16f82\windows-amd64;C:\Users\aluno.SENAIESCOLA\.gradle\native\e376f236ea51e6404a007f0833ffe2c6e607c4080706a723a18a27aeea778392\windows-amd64

VM Arguments:
jvm_args: --add-opens=java.base/java.util=ALL-UNNAMED --add-opens=java.base/java.lang=ALL-UNNAMED --add-opens=java.base/java.lang.invoke=ALL-UNNAMED --add-opens=java.prefs/java.util.prefs=ALL-UNNAMED --add-opens=java.base/java.nio.charset=ALL-UNNAMED --add-opens=java.base/java.net=ALL-UNNAMED --add-opens=java.base/java.util.concurrent.atomic=ALL-UNNAMED -Xmx2048m -Dfile.encoding=UTF-8 -Duser.country=BR -Duser.language=pt -Duser.variant 
java_command: org.gradle.launcher.daemon.bootstrap.GradleDaemon 8.0
java_class_path (initial): C:\Users\aluno.SENAIESCOLA\.gradle\wrapper\dists\gradle-8.0-bin\ca5e32bp14vu59qr306oxotwh\gradle-8.0\lib\gradle-launcher-8.0.jar
Launcher Type: SUN_STANDARD

[Global flags]
     intx CICompilerCount                          = 4                                         {product} {ergonomic}
     uint ConcGCThreads                            = 3                                         {product} {ergonomic}
     uint G1ConcRefinementThreads                  = 10                                        {product} {ergonomic}
   size_t G1HeapRegionSize                         = 1048576                                   {product} {ergonomic}
    uintx GCDrainStackTargetSize                   = 64                                        {product} {ergonomic}
   size_t InitialHeapSize                          = 125829120                                 {product} {ergonomic}
   size_t MarkStackSize                            = 4194304                                   {product} {ergonomic}
   size_t MaxHeapSize                              = 2147483648                                {product} {command line}
   size_t MaxNewSize                               = 1287651328                                {product} {ergonomic}
   size_t MinHeapDeltaBytes                        = 1048576                                   {product} {ergonomic}
   size_t MinHeapSize                              = 8388608                                   {product} {ergonomic}
    uintx NonNMethodCodeHeapSize                   = 5839372                                {pd product} {ergonomic}
    uintx NonProfiledCodeHeapSize                  = 122909434                              {pd product} {ergonomic}
    uintx ProfiledCodeHeapSize                     = 122909434                              {pd product} {ergonomic}
    uintx ReservedCodeCacheSize                    = 251658240                              {pd product} {ergonomic}
     bool SegmentedCodeCache                       = true                                      {product} {ergonomic}
   size_t SoftMaxHeapSize                          = 2147483648                             {manageable} {ergonomic}
     bool UseCompressedClassPointers               = true                           {product lp64_product} {ergonomic}
     bool UseCompressedOops                        = true                           {product lp64_product} {ergonomic}
     bool UseG1GC                                  = true                                      {product} {ergonomic}
     bool UseLargePagesIndividualAllocation        = false                                  {pd product} {ergonomic}

Logging:
Log output configuration:
 #0: stdout all=warning uptime,level,tags
 #1: stderr all=off uptime,level,tags

Environment Variables:
PATH=C:\Program Files (x86)\NVIDIA Corporation\PhysX\Common;C:\Program Files\Common Files\Oracle\Java\javapath;C:\Program Files (x86)\Common Files\Oracle\Java\javapath;C:\Windows\system32;C:\Windows;C:\Windows\System32\Wbem;C:\Windows\System32\WindowsPowerShell\v1.0\;C:\Windows\System32\OpenSSH\;C:\ProgramData\UNIVALI\Portugol Studio;C:\Program Files\dotnet\;C:\Program Files\Git\cmd;C:\Program Files\Microsoft SQL Server\Client SDK\ODBC\170\Tools\Binn\;C:\Program Files (x86)\Microsoft SQL Server\150\Tools\Binn\;C:\Program Files\Microsoft SQL Server\150\Tools\Binn\;C:\Program Files\Microsoft SQL Server\150\DTS\Binn\;C:\Program Files (x86)\Windows Kits\8.1\Windows Performance Toolkit\;C:\Program Files\Microsoft SQL Server\120\Tools\Binn\;C:\Program Files\Microsoft SQL Server\Client SDK\ODBC\110\Tools\Binn\;C:\Program Files\nodejs\;C:\Users\aluno.SENAIESCOLA\AppData\Local\Programs\Python\Python312\Scripts\;C:\Users\aluno.SENAIESCOLA\AppData\Local\Programs\Python\Python312\;C:\src\flutter\bin;C:\Users\aluno.SENAIESCOLA\AppData\Local\Programs\Microsoft VS Code\bin;C:\TDM-GCC-64\bin;C:\Users\aluno.SENAIESCOLA\AppData\Roaming\npm;C:\Users\aluno.SENAIESCOLA\AppData\Local\JetBrains\IntelliJ IDEA 2024.1.2\bin;;C:\Users\aluno.SENAIESCOLA\AppData\Local\JetBrains\IntelliJ IDEA Community Edition 2024.1.2\bin;;C:\Users\aluno.SENAIESCOLA\AppData\Local\GitHubDesktop\bin
USERNAME=ALUNO
OS=Windows_NT
PROCESSOR_IDENTIFIER=AMD64 Family 25 Model 80 Stepping 0, AuthenticAMD
TMP=C:\Users\ALUNO~1.SEN\AppData\Local\Temp
TEMP=C:\Users\ALUNO~1.SEN\AppData\Local\Temp


JNI global refs:
JNI global refs: 24, weak refs: 1

JNI global refs memory usage: 843, weak refs: 841


---------------  S Y S T E M  ---------------

OS:
 Windows 11 , 64 bit Build 22621 (10.0.22621.3085)
OS uptime: 0 days 1:34 hours
Hyper-V role detected

CPU: total 12 (initial active 12) (12 cores per cpu, 2 threads per core) family 25 model 80 stepping 0 microcode 0x0, cx8, cmov, fxsr, ht, mmx, 3dnowpref, sse, sse2, sse3, ssse3, sse4a, sse4.1, sse4.2, popcnt, lzcnt, tsc, tscinvbit, avx, avx2, aes, erms, clmul, bmi1, bmi2, adx, sha, fma, vzeroupper, clflush, clflushopt, hv

Memory: 4k page, system-wide physical 7553M (212M free)
TotalPageFile size 12877M (AvailPageFile size 6M)
current process WorkingSet (physical memory assigned to process): 383M, peak: 383M
current process commit charge ("private bytes"): 419M, peak: 453M

vm_info: OpenJDK 64-Bit Server VM (17.0.6+0-b2043.56-10027231) for windows-amd64 JRE (17.0.6+0-b2043.56-10027231), built on Apr 28 2023 00:43:19 by "androidbuild" with MS VC++ 16.10 / 16.11 (VS2019)

END.
