#
# There is insufficient memory for the Java Runtime Environment to continue.
# Native memory allocation (malloc) failed to allocate 2463840 bytes for Chunk::new
# Possible reasons:
#   The system is out of physical RAM or swap space
#   The process is running with CompressedOops enabled, and the Java Heap may be blocking the growth of the native heap
# Possible solutions:
#   Reduce memory load on the system
#   Increase physical memory or swap space
#   Check if swap backing store is full
#   Decrease Java heap size (-Xmx/-Xms)
#   Decrease number of Java threads
#   Decrease Java thread stack sizes (-Xss)
#   Set larger code cache with -XX:ReservedCodeCacheSize=
#   JVM is running with Unscaled Compressed Oops mode in which the Java heap is
#     placed in the first 4GB address space. The Java Heap base address is the
#     maximum limit for the native heap growth. Please use -XX:HeapBaseMinAddress
#     to set the Java Heap base and to place the Java Heap above 4GB virtual address.
# This output file may be truncated or incomplete.
#
#  Out of Memory Error (arena.cpp:189), pid=20016, tid=17932
#
# JRE version: OpenJDK Runtime Environment (17.0.6) (build 17.0.6+0-b2043.56-10027231)
# Java VM: OpenJDK 64-Bit Server VM (17.0.6+0-b2043.56-10027231, mixed mode, tiered, compressed oops, compressed class ptrs, g1 gc, windows-amd64)
# No core dump will be written. Minidumps are not enabled by default on client versions of Windows
#

---------------  S U M M A R Y ------------

Command Line: --add-opens=java.base/java.util=ALL-UNNAMED --add-opens=java.base/java.lang=ALL-UNNAMED --add-opens=java.base/java.lang.invoke=ALL-UNNAMED --add-opens=java.prefs/java.util.prefs=ALL-UNNAMED --add-opens=java.base/java.nio.charset=ALL-UNNAMED --add-opens=java.base/java.net=ALL-UNNAMED --add-opens=java.base/java.util.concurrent.atomic=ALL-UNNAMED -Xmx2048m -Dfile.encoding=UTF-8 -Duser.country=BR -Duser.language=pt -Duser.variant org.gradle.launcher.daemon.bootstrap.GradleDaemon 8.0

Host: AMD Ryzen 5 PRO 5650G with Radeon Graphics     , 12 cores, 7G,  Windows 11 , 64 bit Build 22621 (10.0.22621.3085)
Time: Tue Jun 11 16:05:48 2024 Hora oficial do Brasil elapsed time: 4.105109 seconds (0d 0h 0m 4s)

---------------  T H R E A D  ---------------

Current thread (0x0000026574e9d140):  JavaThread "C2 CompilerThread1" daemon [_thread_in_native, id=17932, stack(0x000000a403000000,0x000000a403100000)]


Current CompileTask:
C2:   4105 4622   !   4       java.net.URLClassLoader::findClass (47 bytes)

Stack: [0x000000a403000000,0x000000a403100000]
Native frames: (J=compiled Java code, j=interpreted, Vv=VM code, C=native code)
V  [jvm.dll+0x683c9a]
V  [jvm.dll+0x8427a4]
V  [jvm.dll+0x843f9e]
V  [jvm.dll+0x844603]
V  [jvm.dll+0x249b75]
V  [jvm.dll+0xabcac]
V  [jvm.dll+0xac27c]
V  [jvm.dll+0x368857]
V  [jvm.dll+0x1bd0b8]
V  [jvm.dll+0x21c359]
V  [jvm.dll+0x21b621]
V  [jvm.dll+0x1a4fdd]
V  [jvm.dll+0x22b098]
V  [jvm.dll+0x229159]
V  [jvm.dll+0x7f81ec]
V  [jvm.dll+0x7f274a]
V  [jvm.dll+0x682ad5]
C  [ucrtbase.dll+0x29363]
C  [KERNEL32.DLL+0x1257d]
C  [ntdll.dll+0x5aa58]


---------------  P R O C E S S  ---------------

Threads class SMR info:
_java_thread_list=0x000002657aacd8b0, length=47, elements={
0x000002655786ea20, 0x00000265742ae610, 0x00000265742af280, 0x00000265742b6ac0,
0x0000026574c3f660, 0x0000026574c40010, 0x0000026574c409c0, 0x0000026574c44ba0,
0x0000026574c4d5a0, 0x0000026574c4df90, 0x0000026574dc93e0, 0x0000026574dc9cc0,
0x0000026574e9d140, 0x00000265762704c0, 0x00000265766b50c0, 0x000002657601a330,
0x0000026576397600, 0x0000026577a6b530, 0x0000026577a67c80, 0x00000265761d5080,
0x00000265761d4400, 0x00000265761d48d0, 0x00000265761d3f30, 0x00000265761d3a60,
0x00000265761d30c0, 0x0000026577880210, 0x000002657787e060, 0x000002657787e530,
0x000002657787eed0, 0x000002657787f3a0, 0x000002657787b040, 0x000002657787ea00,
0x00000265778806e0, 0x000002657787f870, 0x000002657787b510, 0x000002657787fd40,
0x000002657787b9e0, 0x000002657787a1d0, 0x000002657787db90, 0x0000026577880bb0,
0x0000026577879830, 0x000002657787a6a0, 0x000002657787c380, 0x0000026577879d00,
0x000002657787c850, 0x000002657787cd20, 0x000002657ab292d0
}

Java Threads: ( => current thread )
  0x000002655786ea20 JavaThread "main" [_thread_blocked, id=5240, stack(0x000000a401d00000,0x000000a401e00000)]
  0x00000265742ae610 JavaThread "Reference Handler" daemon [_thread_blocked, id=19016, stack(0x000000a402400000,0x000000a402500000)]
  0x00000265742af280 JavaThread "Finalizer" daemon [_thread_blocked, id=9720, stack(0x000000a402500000,0x000000a402600000)]
  0x00000265742b6ac0 JavaThread "Signal Dispatcher" daemon [_thread_blocked, id=3528, stack(0x000000a402600000,0x000000a402700000)]
  0x0000026574c3f660 JavaThread "Attach Listener" daemon [_thread_blocked, id=18712, stack(0x000000a402700000,0x000000a402800000)]
  0x0000026574c40010 JavaThread "Service Thread" daemon [_thread_blocked, id=16856, stack(0x000000a402800000,0x000000a402900000)]
  0x0000026574c409c0 JavaThread "Monitor Deflation Thread" daemon [_thread_blocked, id=20252, stack(0x000000a402900000,0x000000a402a00000)]
  0x0000026574c44ba0 JavaThread "C2 CompilerThread0" daemon [_thread_in_native, id=5304, stack(0x000000a402a00000,0x000000a402b00000)]
  0x0000026574c4d5a0 JavaThread "C1 CompilerThread0" daemon [_thread_blocked, id=18368, stack(0x000000a402b00000,0x000000a402c00000)]
  0x0000026574c4df90 JavaThread "Sweeper thread" daemon [_thread_blocked, id=16088, stack(0x000000a402c00000,0x000000a402d00000)]
  0x0000026574dc93e0 JavaThread "Common-Cleaner" daemon [_thread_blocked, id=19880, stack(0x000000a402d00000,0x000000a402e00000)]
  0x0000026574dc9cc0 JavaThread "Notification Thread" daemon [_thread_blocked, id=7872, stack(0x000000a402e00000,0x000000a402f00000)]
=>0x0000026574e9d140 JavaThread "C2 CompilerThread1" daemon [_thread_in_native, id=17932, stack(0x000000a403000000,0x000000a403100000)]
  0x00000265762704c0 JavaThread "Daemon health stats" [_thread_blocked, id=16604, stack(0x000000a403500000,0x000000a403600000)]
  0x00000265766b50c0 JavaThread "Incoming local TCP Connector on port 61654" [_thread_in_native, id=19584, stack(0x000000a403600000,0x000000a403700000)]
  0x000002657601a330 JavaThread "Daemon periodic checks" [_thread_blocked, id=20344, stack(0x000000a403700000,0x000000a403800000)]
  0x0000026576397600 JavaThread "Daemon" [_thread_blocked, id=19432, stack(0x000000a403800000,0x000000a403900000)]
  0x0000026577a6b530 JavaThread "Handler for socket connection from /127.0.0.1:61654 to /127.0.0.1:61657" [_thread_in_native, id=20216, stack(0x000000a403900000,0x000000a403a00000)]
  0x0000026577a67c80 JavaThread "Cancel handler" [_thread_blocked, id=20432, stack(0x000000a403a00000,0x000000a403b00000)]
  0x00000265761d5080 JavaThread "Daemon worker" [_thread_in_Java, id=1560, stack(0x000000a403b00000,0x000000a403c00000)]
  0x00000265761d4400 JavaThread "Asynchronous log dispatcher for DefaultDaemonConnection: socket connection from /127.0.0.1:61654 to /127.0.0.1:61657" [_thread_blocked, id=16596, stack(0x000000a403c00000,0x000000a403d00000)]
  0x00000265761d48d0 JavaThread "Stdin handler" [_thread_blocked, id=19488, stack(0x000000a403d00000,0x000000a403e00000)]
  0x00000265761d3f30 JavaThread "Daemon client event forwarder" [_thread_blocked, id=4356, stack(0x000000a403e00000,0x000000a403f00000)]
  0x00000265761d3a60 JavaThread "Cache worker for journal cache (C:\Users\aluno.SENAIESCOLA\.gradle\caches\journal-1)" [_thread_blocked, id=3572, stack(0x000000a404600000,0x000000a404700000)]
  0x00000265761d30c0 JavaThread "File lock request listener" [_thread_in_native, id=16540, stack(0x000000a404700000,0x000000a404800000)]
  0x0000026577880210 JavaThread "Cache worker for file hash cache (C:\Users\aluno.SENAIESCOLA\.gradle\caches\8.0\fileHashes)" [_thread_blocked, id=19648, stack(0x000000a404800000,0x000000a404900000)]
  0x000002657787e060 JavaThread "File watcher server" daemon [_thread_in_native, id=14432, stack(0x000000a404900000,0x000000a404a00000)]
  0x000002657787e530 JavaThread "File watcher consumer" daemon [_thread_blocked, id=14288, stack(0x000000a404a00000,0x000000a404b00000)]
  0x000002657787eed0 JavaThread "jar transforms" [_thread_blocked, id=17956, stack(0x000000a404b00000,0x000000a404c00000)]
  0x000002657787f3a0 JavaThread "jar transforms Thread 2" [_thread_blocked, id=19388, stack(0x000000a404c00000,0x000000a404d00000)]
  0x000002657787b040 JavaThread "jar transforms Thread 3" [_thread_blocked, id=17456, stack(0x000000a404d00000,0x000000a404e00000)]
  0x000002657787ea00 JavaThread "jar transforms Thread 4" [_thread_blocked, id=9476, stack(0x000000a404e00000,0x000000a404f00000)]
  0x00000265778806e0 JavaThread "jar transforms Thread 5" [_thread_blocked, id=3748, stack(0x000000a404f00000,0x000000a405000000)]
  0x000002657787f870 JavaThread "jar transforms Thread 6" [_thread_blocked, id=17288, stack(0x000000a405000000,0x000000a405100000)]
  0x000002657787b510 JavaThread "jar transforms Thread 7" [_thread_blocked, id=14468, stack(0x000000a405100000,0x000000a405200000)]
  0x000002657787fd40 JavaThread "jar transforms Thread 8" [_thread_blocked, id=19508, stack(0x000000a405200000,0x000000a405300000)]
  0x000002657787b9e0 JavaThread "jar transforms Thread 9" [_thread_blocked, id=19196, stack(0x000000a405300000,0x000000a405400000)]
  0x000002657787a1d0 JavaThread "jar transforms Thread 10" [_thread_blocked, id=20256, stack(0x000000a405400000,0x000000a405500000)]
  0x000002657787db90 JavaThread "jar transforms Thread 11" [_thread_blocked, id=9120, stack(0x000000a405500000,0x000000a405600000)]
  0x0000026577880bb0 JavaThread "jar transforms Thread 12" [_thread_blocked, id=13280, stack(0x000000a405600000,0x000000a405700000)]
  0x0000026577879830 JavaThread "Cache worker for checksums cache (C:\Users\aluno.SENAIESCOLA\AndroidStudioProjects\IOTCONNECT\.gradle\8.0\checksums)" [_thread_blocked, id=18480, stack(0x000000a405700000,0x000000a405800000)]
  0x000002657787a6a0 JavaThread "Cache worker for cache directory md-rule (C:\Users\aluno.SENAIESCOLA\.gradle\caches\8.0\md-rule)" [_thread_blocked, id=19580, stack(0x000000a405800000,0x000000a405900000)]
  0x000002657787c380 JavaThread "Cache worker for file content cache (C:\Users\aluno.SENAIESCOLA\.gradle\caches\8.0\fileContent)" [_thread_blocked, id=20224, stack(0x000000a405900000,0x000000a405a00000)]
  0x0000026577879d00 JavaThread "Cache worker for file hash cache (C:\Users\aluno.SENAIESCOLA\AndroidStudioProjects\IOTCONNECT\.gradle\8.0\fileHashes)" [_thread_blocked, id=20400, stack(0x000000a405a00000,0x000000a405b00000)]
  0x000002657787c850 JavaThread "Cache worker for cache directory md-supplier (C:\Users\aluno.SENAIESCOLA\.gradle\caches\8.0\md-supplier)" [_thread_blocked, id=15268, stack(0x000000a405b00000,0x000000a405c00000)]
  0x000002657787cd20 JavaThread "Cache worker for execution history cache (C:\Users\aluno.SENAIESCOLA\.gradle\caches\8.0\executionHistory)" [_thread_blocked, id=12148, stack(0x000000a405c00000,0x000000a405d00000)]
  0x000002657ab292d0 JavaThread "Cache worker for kotlin-dsl (C:\Users\aluno.SENAIESCOLA\.gradle\caches\8.0\kotlin-dsl)" [_thread_blocked, id=20184, stack(0x000000a405d00000,0x000000a405e00000)]

Other Threads:
  0x00000265742a99f0 VMThread "VM Thread" [stack: 0x000000a402300000,0x000000a402400000] [id=3360]
  0x00000265578f0670 WatcherThread [stack: 0x000000a402f00000,0x000000a403000000] [id=19344]
  0x00000265578cbbb0 GCTaskThread "GC Thread#0" [stack: 0x000000a401e00000,0x000000a401f00000] [id=9640]
  0x0000026575123640 GCTaskThread "GC Thread#1" [stack: 0x000000a403100000,0x000000a403200000] [id=8164]
  0x0000026575bd71e0 GCTaskThread "GC Thread#2" [stack: 0x000000a403200000,0x000000a403300000] [id=8924]
  0x00000265758d5c50 GCTaskThread "GC Thread#3" [stack: 0x000000a403300000,0x000000a403400000] [id=8884]
  0x0000026575f7e970 GCTaskThread "GC Thread#4" [stack: 0x000000a403400000,0x000000a403500000] [id=9316]
  0x00000265775ff870 GCTaskThread "GC Thread#5" [stack: 0x000000a403f00000,0x000000a404000000] [id=7488]
  0x0000026576397ad0 GCTaskThread "GC Thread#6" [stack: 0x000000a404000000,0x000000a404100000] [id=20328]
  0x0000026577a691b0 GCTaskThread "GC Thread#7" [stack: 0x000000a404100000,0x000000a404200000] [id=17376]
  0x0000026577ed9430 GCTaskThread "GC Thread#8" [stack: 0x000000a404200000,0x000000a404300000] [id=144]
  0x00000265775af7c0 GCTaskThread "GC Thread#9" [stack: 0x000000a404300000,0x000000a404400000] [id=5916]
  0x00000265578dc9f0 ConcurrentGCThread "G1 Main Marker" [stack: 0x000000a401f00000,0x000000a402000000] [id=10652]
  0x00000265578ddaa0 ConcurrentGCThread "G1 Conc#0" [stack: 0x000000a402000000,0x000000a402100000] [id=2436]
  0x00000265766ef2b0 ConcurrentGCThread "G1 Conc#1" [stack: 0x000000a404400000,0x000000a404500000] [id=19392]
  0x0000026577569660 ConcurrentGCThread "G1 Conc#2" [stack: 0x000000a404500000,0x000000a404600000] [id=18076]
  0x00000265740fe520 ConcurrentGCThread "G1 Refine#0" [stack: 0x000000a402100000,0x000000a402200000] [id=19192]
  0x00000265740fed50 ConcurrentGCThread "G1 Service" [stack: 0x000000a402200000,0x000000a402300000] [id=16848]

Threads with active compile tasks:
C2 CompilerThread0     4133 4624   !   4       java.net.URLClassLoader$1::run (81 bytes)
C2 CompilerThread1     4133 4622   !   4       java.net.URLClassLoader::findClass (47 bytes)

VM state: not at safepoint (normal execution)

VM Mutex/Monitor currently owned by a thread: None

Heap address: 0x0000000080000000, size: 2048 MB, Compressed Oops mode: 32-bit

CDS archive(s) not mapped
Compressed class space mapped at: 0x0000000100000000-0x0000000140000000, reserved size: 1073741824
Narrow klass base: 0x0000000000000000, Narrow klass shift: 3, Narrow klass range: 0x140000000

GC Precious Log:
 CPUs: 12 total, 12 available
 Memory: 7553M
 Large Page Support: Disabled
 NUMA Support: Disabled
 Compressed Oops: Enabled (32-bit)
 Heap Region Size: 1M
 Heap Min Capacity: 8M
 Heap Initial Capacity: 120M
 Heap Max Capacity: 2G
 Pre-touch: Disabled
 Parallel Workers: 10
 Concurrent Workers: 3
 Concurrent Refinement Workers: 10
 Periodic GC: Disabled

Heap:
 garbage-first heap   total 144384K, used 73147K [0x0000000080000000, 0x0000000100000000)
  region size 1024K, 5 young (5120K), 2 survivors (2048K)
 Metaspace       used 55608K, committed 56192K, reserved 1097728K
  class space    used 7805K, committed 8064K, reserved 1048576K

Heap Regions: E=young(eden), S=young(survivor), O=old, HS=humongous(starts), HC=humongous(continues), CS=collection set, F=free, OA=open archive, CA=closed archive, TAMS=top-at-mark-start (previous, next)
|   0|0x0000000080000000, 0x0000000080100000, 0x0000000080100000|100%|HS|  |TAMS 0x0000000080100000, 0x0000000080000000| Complete 
|   1|0x0000000080100000, 0x0000000080200000, 0x0000000080200000|100%|HC|  |TAMS 0x0000000080200000, 0x0000000080100000| Complete 
|   2|0x0000000080200000, 0x0000000080300000, 0x0000000080300000|100%|HC|  |TAMS 0x0000000080300000, 0x0000000080200000| Complete 
|   3|0x0000000080300000, 0x0000000080400000, 0x0000000080400000|100%|HC|  |TAMS 0x0000000080400000, 0x0000000080300000| Complete 
|   4|0x0000000080400000, 0x0000000080500000, 0x0000000080500000|100%| O|  |TAMS 0x0000000080500000, 0x0000000080400000| Untracked 
|   5|0x0000000080500000, 0x0000000080600000, 0x0000000080600000|100%| O|  |TAMS 0x0000000080600000, 0x0000000080500000| Complete 
|   6|0x0000000080600000, 0x0000000080700000, 0x0000000080700000|100%| O|  |TAMS 0x0000000080700000, 0x0000000080600000| Untracked 
|   7|0x0000000080700000, 0x0000000080800000, 0x0000000080800000|100%| O|  |TAMS 0x0000000080800000, 0x0000000080700000| Untracked 
|   8|0x0000000080800000, 0x0000000080900000, 0x0000000080900000|100%| O|  |TAMS 0x0000000080900000, 0x0000000080800000| Untracked 
|   9|0x0000000080900000, 0x0000000080a00000, 0x0000000080a00000|100%| O|  |TAMS 0x0000000080a00000, 0x0000000080900000| Untracked 
|  10|0x0000000080a00000, 0x0000000080b00000, 0x0000000080b00000|100%| O|  |TAMS 0x0000000080b00000, 0x0000000080a00000| Untracked 
|  11|0x0000000080b00000, 0x0000000080be0a00, 0x0000000080c00000| 87%| O|  |TAMS 0x0000000080be0a00, 0x0000000080b00000| Untracked 
|  12|0x0000000080c00000, 0x0000000080d00000, 0x0000000080d00000|100%| O|  |TAMS 0x0000000080d00000, 0x0000000080c00000| Untracked 
|  13|0x0000000080d00000, 0x0000000080e00000, 0x0000000080e00000|100%| O|  |TAMS 0x0000000080e00000, 0x0000000080d00000| Untracked 
|  14|0x0000000080e00000, 0x0000000080f00000, 0x0000000080f00000|100%| O|  |TAMS 0x0000000080f00000, 0x0000000080e00000| Untracked 
|  15|0x0000000080f00000, 0x0000000081000000, 0x0000000081000000|100%| O|  |TAMS 0x0000000081000000, 0x0000000080f00000| Untracked 
|  16|0x0000000081000000, 0x0000000081100000, 0x0000000081100000|100%| O|  |TAMS 0x0000000081100000, 0x0000000081000000| Untracked 
|  17|0x0000000081100000, 0x0000000081200000, 0x0000000081200000|100%| O|  |TAMS 0x0000000081200000, 0x0000000081100000| Untracked 
|  18|0x0000000081200000, 0x0000000081300000, 0x0000000081300000|100%| O|  |TAMS 0x0000000081300000, 0x0000000081200000| Untracked 
|  19|0x0000000081300000, 0x0000000081400000, 0x0000000081400000|100%|HS|  |TAMS 0x0000000081400000, 0x0000000081300000| Complete 
|  20|0x0000000081400000, 0x0000000081500000, 0x0000000081500000|100%|HC|  |TAMS 0x0000000081500000, 0x0000000081400000| Complete 
|  21|0x0000000081500000, 0x0000000081600000, 0x0000000081600000|100%|HS|  |TAMS 0x0000000081600000, 0x0000000081500000| Complete 
|  22|0x0000000081600000, 0x0000000081700000, 0x0000000081700000|100%|HC|  |TAMS 0x0000000081700000, 0x0000000081600000| Complete 
|  23|0x0000000081700000, 0x0000000081800000, 0x0000000081800000|100%|HC|  |TAMS 0x0000000081800000, 0x0000000081700000| Complete 
|  24|0x0000000081800000, 0x0000000081900000, 0x0000000081900000|100%| O|  |TAMS 0x0000000081900000, 0x0000000081800000| Untracked 
|  25|0x0000000081900000, 0x0000000081a00000, 0x0000000081a00000|100%| O|  |TAMS 0x0000000081a00000, 0x0000000081900000| Untracked 
|  26|0x0000000081a00000, 0x0000000081b00000, 0x0000000081b00000|100%| O|  |TAMS 0x0000000081b00000, 0x0000000081a00000| Untracked 
|  27|0x0000000081b00000, 0x0000000081c00000, 0x0000000081c00000|100%|HS|  |TAMS 0x0000000081c00000, 0x0000000081b00000| Complete 
|  28|0x0000000081c00000, 0x0000000081d00000, 0x0000000081d00000|100%|HC|  |TAMS 0x0000000081d00000, 0x0000000081c00000| Complete 
|  29|0x0000000081d00000, 0x0000000081e00000, 0x0000000081e00000|100%|HC|  |TAMS 0x0000000081e00000, 0x0000000081d00000| Complete 
|  30|0x0000000081e00000, 0x0000000081f00000, 0x0000000081f00000|100%| O|  |TAMS 0x0000000081f00000, 0x0000000081e00000| Untracked 
|  31|0x0000000081f00000, 0x0000000082000000, 0x0000000082000000|100%| O|  |TAMS 0x0000000082000000, 0x0000000081f00000| Untracked 
|  32|0x0000000082000000, 0x0000000082100000, 0x0000000082100000|100%| O|  |TAMS 0x0000000082100000, 0x0000000082000000| Untracked 
|  33|0x0000000082100000, 0x0000000082100000, 0x0000000082200000|  0%| F|  |TAMS 0x0000000082100000, 0x0000000082100000| Untracked 
|  34|0x0000000082200000, 0x0000000082300000, 0x0000000082300000|100%|HS|  |TAMS 0x0000000082300000, 0x0000000082200000| Complete 
|  35|0x0000000082300000, 0x0000000082400000, 0x0000000082400000|100%|HC|  |TAMS 0x0000000082400000, 0x0000000082300000| Complete 
|  36|0x0000000082400000, 0x0000000082500000, 0x0000000082500000|100%| O|  |TAMS 0x0000000082500000, 0x0000000082400000| Untracked 
|  37|0x0000000082500000, 0x0000000082600000, 0x0000000082600000|100%| O|  |TAMS 0x0000000082600000, 0x0000000082500000| Untracked 
|  38|0x0000000082600000, 0x0000000082700000, 0x0000000082700000|100%| O|  |TAMS 0x0000000082700000, 0x0000000082600000| Untracked 
|  39|0x0000000082700000, 0x0000000082800000, 0x0000000082800000|100%| O|  |TAMS 0x0000000082800000, 0x0000000082700000| Untracked 
|  40|0x0000000082800000, 0x0000000082900000, 0x0000000082900000|100%| O|  |TAMS 0x0000000082900000, 0x0000000082800000| Untracked 
|  41|0x0000000082900000, 0x0000000082a00000, 0x0000000082a00000|100%| O|  |TAMS 0x0000000082a00000, 0x0000000082900000| Untracked 
|  42|0x0000000082a00000, 0x0000000082b00000, 0x0000000082b00000|100%|HS|  |TAMS 0x0000000082b00000, 0x0000000082a00000| Complete 
|  43|0x0000000082b00000, 0x0000000082c00000, 0x0000000082c00000|100%|HC|  |TAMS 0x0000000082c00000, 0x0000000082b00000| Complete 
|  44|0x0000000082c00000, 0x0000000082d00000, 0x0000000082d00000|100%|HC|  |TAMS 0x0000000082d00000, 0x0000000082c00000| Complete 
|  45|0x0000000082d00000, 0x0000000082e00000, 0x0000000082e00000|100%|HS|  |TAMS 0x0000000082e00000, 0x0000000082d00000| Complete 
|  46|0x0000000082e00000, 0x0000000082f00000, 0x0000000082f00000|100%|HC|  |TAMS 0x0000000082f00000, 0x0000000082e00000| Complete 
|  47|0x0000000082f00000, 0x0000000083000000, 0x0000000083000000|100%|HC|  |TAMS 0x0000000083000000, 0x0000000082f00000| Complete 
|  48|0x0000000083000000, 0x0000000083100000, 0x0000000083100000|100%|HC|  |TAMS 0x0000000083100000, 0x0000000083000000| Complete 
|  49|0x0000000083100000, 0x0000000083200000, 0x0000000083200000|100%|HC|  |TAMS 0x0000000083200000, 0x0000000083100000| Complete 
|  50|0x0000000083200000, 0x0000000083300000, 0x0000000083300000|100%|HC|  |TAMS 0x0000000083300000, 0x0000000083200000| Complete 
|  51|0x0000000083300000, 0x0000000083400000, 0x0000000083400000|100%|HC|  |TAMS 0x0000000083400000, 0x0000000083300000| Complete 
|  52|0x0000000083400000, 0x0000000083500000, 0x0000000083500000|100%|HC|  |TAMS 0x0000000083500000, 0x0000000083400000| Complete 
|  53|0x0000000083500000, 0x0000000083600000, 0x0000000083600000|100%|HC|  |TAMS 0x0000000083600000, 0x0000000083500000| Complete 
|  54|0x0000000083600000, 0x0000000083700000, 0x0000000083700000|100%|HC|  |TAMS 0x0000000083700000, 0x0000000083600000| Complete 
|  55|0x0000000083700000, 0x0000000083800000, 0x0000000083800000|100%|HC|  |TAMS 0x0000000083800000, 0x0000000083700000| Complete 
|  56|0x0000000083800000, 0x0000000083900000, 0x0000000083900000|100%|HC|  |TAMS 0x0000000083900000, 0x0000000083800000| Complete 
|  57|0x0000000083900000, 0x0000000083a00000, 0x0000000083a00000|100%| O|  |TAMS 0x0000000083a00000, 0x0000000083900000| Untracked 
|  58|0x0000000083a00000, 0x0000000083b00000, 0x0000000083b00000|100%| O|  |TAMS 0x0000000083b00000, 0x0000000083a00000| Untracked 
|  59|0x0000000083b00000, 0x0000000083c00000, 0x0000000083c00000|100%| O|  |TAMS 0x0000000083c00000, 0x0000000083b00000| Untracked 
|  60|0x0000000083c00000, 0x0000000083d00000, 0x0000000083d00000|100%|HS|  |TAMS 0x0000000083d00000, 0x0000000083c00000| Complete 
|  61|0x0000000083d00000, 0x0000000083e00000, 0x0000000083e00000|100%|HC|  |TAMS 0x0000000083e00000, 0x0000000083d00000| Complete 
|  62|0x0000000083e00000, 0x0000000083f00000, 0x0000000083f00000|100%|HC|  |TAMS 0x0000000083f00000, 0x0000000083e00000| Complete 
|  63|0x0000000083f00000, 0x0000000084000000, 0x0000000084000000|100%| O|  |TAMS 0x0000000084000000, 0x0000000083f00000| Untracked 
|  64|0x0000000084000000, 0x0000000084100000, 0x0000000084100000|100%| O|  |TAMS 0x0000000084100000, 0x0000000084000000| Untracked 
|  65|0x0000000084100000, 0x0000000084200000, 0x0000000084200000|100%| O|  |TAMS 0x0000000084200000, 0x0000000084100000| Untracked 
|  66|0x0000000084200000, 0x0000000084300000, 0x0000000084300000|100%| O|  |TAMS 0x0000000084300000, 0x0000000084200000| Untracked 
|  67|0x0000000084300000, 0x0000000084400000, 0x0000000084400000|100%| O|  |TAMS 0x0000000084400000, 0x0000000084300000| Untracked 
|  68|0x0000000084400000, 0x0000000084500000, 0x0000000084500000|100%| O|  |TAMS 0x0000000084500000, 0x0000000084400000| Untracked 
|  69|0x0000000084500000, 0x0000000084536c00, 0x0000000084600000| 21%| O|  |TAMS 0x0000000084536c00, 0x0000000084500000| Untracked 
|  70|0x0000000084600000, 0x0000000084600000, 0x0000000084700000|  0%| F|  |TAMS 0x0000000084600000, 0x0000000084600000| Untracked 
|  71|0x0000000084700000, 0x0000000084700000, 0x0000000084800000|  0%| F|  |TAMS 0x0000000084700000, 0x0000000084700000| Untracked 
|  72|0x0000000084800000, 0x0000000084800000, 0x0000000084900000|  0%| F|  |TAMS 0x0000000084800000, 0x0000000084800000| Untracked 
|  73|0x0000000084900000, 0x0000000084900000, 0x0000000084a00000|  0%| F|  |TAMS 0x0000000084900000, 0x0000000084900000| Untracked 
|  74|0x0000000084a00000, 0x0000000084a00000, 0x0000000084b00000|  0%| F|  |TAMS 0x0000000084a00000, 0x0000000084a00000| Untracked 
|  75|0x0000000084b00000, 0x0000000084b00000, 0x0000000084c00000|  0%| F|  |TAMS 0x0000000084b00000, 0x0000000084b00000| Untracked 
|  76|0x0000000084c00000, 0x0000000084c00000, 0x0000000084d00000|  0%| F|  |TAMS 0x0000000084c00000, 0x0000000084c00000| Untracked 
|  77|0x0000000084d00000, 0x0000000084d00000, 0x0000000084e00000|  0%| F|  |TAMS 0x0000000084d00000, 0x0000000084d00000| Untracked 
|  78|0x0000000084e00000, 0x0000000084e00000, 0x0000000084f00000|  0%| F|  |TAMS 0x0000000084e00000, 0x0000000084e00000| Untracked 
|  79|0x0000000084f00000, 0x0000000084f00000, 0x0000000085000000|  0%| F|  |TAMS 0x0000000084f00000, 0x0000000084f00000| Untracked 
|  80|0x0000000085000000, 0x0000000085000000, 0x0000000085100000|  0%| F|  |TAMS 0x0000000085000000, 0x0000000085000000| Untracked 
|  81|0x0000000085100000, 0x0000000085100000, 0x0000000085200000|  0%| F|  |TAMS 0x0000000085100000, 0x0000000085100000| Untracked 
|  82|0x0000000085200000, 0x0000000085200000, 0x0000000085300000|  0%| F|  |TAMS 0x0000000085200000, 0x0000000085200000| Untracked 
|  83|0x0000000085300000, 0x0000000085300000, 0x0000000085400000|  0%| F|  |TAMS 0x0000000085300000, 0x0000000085300000| Untracked 
|  84|0x0000000085400000, 0x0000000085400000, 0x0000000085500000|  0%| F|  |TAMS 0x0000000085400000, 0x0000000085400000| Untracked 
|  85|0x0000000085500000, 0x0000000085500000, 0x0000000085600000|  0%| F|  |TAMS 0x0000000085500000, 0x0000000085500000| Untracked 
|  86|0x0000000085600000, 0x0000000085600000, 0x0000000085700000|  0%| F|  |TAMS 0x0000000085600000, 0x0000000085600000| Untracked 
|  87|0x0000000085700000, 0x0000000085700000, 0x0000000085800000|  0%| F|  |TAMS 0x0000000085700000, 0x0000000085700000| Untracked 
|  88|0x0000000085800000, 0x0000000085800000, 0x0000000085900000|  0%| F|  |TAMS 0x0000000085800000, 0x0000000085800000| Untracked 
|  89|0x0000000085900000, 0x0000000085900000, 0x0000000085a00000|  0%| F|  |TAMS 0x0000000085900000, 0x0000000085900000| Untracked 
|  90|0x0000000085a00000, 0x0000000085a00000, 0x0000000085b00000|  0%| F|  |TAMS 0x0000000085a00000, 0x0000000085a00000| Untracked 
|  91|0x0000000085b00000, 0x0000000085b00000, 0x0000000085c00000|  0%| F|  |TAMS 0x0000000085b00000, 0x0000000085b00000| Untracked 
|  92|0x0000000085c00000, 0x0000000085c00000, 0x0000000085d00000|  0%| F|  |TAMS 0x0000000085c00000, 0x0000000085c00000| Untracked 
|  93|0x0000000085d00000, 0x0000000085d00000, 0x0000000085e00000|  0%| F|  |TAMS 0x0000000085d00000, 0x0000000085d00000| Untracked 
|  94|0x0000000085e00000, 0x0000000085e00000, 0x0000000085f00000|  0%| F|  |TAMS 0x0000000085e00000, 0x0000000085e00000| Untracked 
|  95|0x0000000085f00000, 0x0000000085f00000, 0x0000000086000000|  0%| F|  |TAMS 0x0000000085f00000, 0x0000000085f00000| Untracked 
|  96|0x0000000086000000, 0x0000000086000000, 0x0000000086100000|  0%| F|  |TAMS 0x0000000086000000, 0x0000000086000000| Untracked 
|  97|0x0000000086100000, 0x0000000086100000, 0x0000000086200000|  0%| F|  |TAMS 0x0000000086100000, 0x0000000086100000| Untracked 
|  98|0x0000000086200000, 0x0000000086200000, 0x0000000086300000|  0%| F|  |TAMS 0x0000000086200000, 0x0000000086200000| Untracked 
|  99|0x0000000086300000, 0x0000000086300000, 0x0000000086400000|  0%| F|  |TAMS 0x0000000086300000, 0x0000000086300000| Untracked 
| 100|0x0000000086400000, 0x0000000086400000, 0x0000000086500000|  0%| F|  |TAMS 0x0000000086400000, 0x0000000086400000| Untracked 
| 101|0x0000000086500000, 0x0000000086500000, 0x0000000086600000|  0%| F|  |TAMS 0x0000000086500000, 0x0000000086500000| Untracked 
| 102|0x0000000086600000, 0x0000000086600000, 0x0000000086700000|  0%| F|  |TAMS 0x0000000086600000, 0x0000000086600000| Untracked 
| 103|0x0000000086700000, 0x0000000086700000, 0x0000000086800000|  0%| F|  |TAMS 0x0000000086700000, 0x0000000086700000| Untracked 
| 104|0x0000000086800000, 0x00000000868577b8, 0x0000000086900000| 34%| S|CS|TAMS 0x0000000086800000, 0x0000000086800000| Complete 
| 105|0x0000000086900000, 0x0000000086a00000, 0x0000000086a00000|100%| S|CS|TAMS 0x0000000086900000, 0x0000000086900000| Complete 
| 106|0x0000000086a00000, 0x0000000086a00000, 0x0000000086b00000|  0%| F|  |TAMS 0x0000000086a00000, 0x0000000086a00000| Untracked 
| 107|0x0000000086b00000, 0x0000000086b00000, 0x0000000086c00000|  0%| F|  |TAMS 0x0000000086b00000, 0x0000000086b00000| Untracked 
| 108|0x0000000086c00000, 0x0000000086c00000, 0x0000000086d00000|  0%| F|  |TAMS 0x0000000086c00000, 0x0000000086c00000| Untracked 
| 109|0x0000000086d00000, 0x0000000086d00000, 0x0000000086e00000|  0%| F|  |TAMS 0x0000000086d00000, 0x0000000086d00000| Untracked 
| 110|0x0000000086e00000, 0x0000000086e00000, 0x0000000086f00000|  0%| F|  |TAMS 0x0000000086e00000, 0x0000000086e00000| Untracked 
| 111|0x0000000086f00000, 0x0000000086f00000, 0x0000000087000000|  0%| F|  |TAMS 0x0000000086f00000, 0x0000000086f00000| Untracked 
| 112|0x0000000087000000, 0x0000000087000000, 0x0000000087100000|  0%| F|  |TAMS 0x0000000087000000, 0x0000000087000000| Untracked 
| 113|0x0000000087100000, 0x0000000087100000, 0x0000000087200000|  0%| F|  |TAMS 0x0000000087100000, 0x0000000087100000| Untracked 
| 114|0x0000000087200000, 0x0000000087200000, 0x0000000087300000|  0%| F|  |TAMS 0x0000000087200000, 0x0000000087200000| Untracked 
| 115|0x0000000087300000, 0x0000000087300000, 0x0000000087400000|  0%| F|  |TAMS 0x0000000087300000, 0x0000000087300000| Untracked 
| 116|0x0000000087400000, 0x0000000087400000, 0x0000000087500000|  0%| F|  |TAMS 0x0000000087400000, 0x0000000087400000| Untracked 
| 117|0x0000000087500000, 0x0000000087500000, 0x0000000087600000|  0%| F|  |TAMS 0x0000000087500000, 0x0000000087500000| Untracked 
| 118|0x0000000087600000, 0x0000000087600000, 0x0000000087700000|  0%| F|  |TAMS 0x0000000087600000, 0x0000000087600000| Untracked 
| 119|0x0000000087700000, 0x0000000087700000, 0x0000000087800000|  0%| F|  |TAMS 0x0000000087700000, 0x0000000087700000| Untracked 
| 120|0x0000000087800000, 0x0000000087800000, 0x0000000087900000|  0%| F|  |TAMS 0x0000000087800000, 0x0000000087800000| Untracked 
| 121|0x0000000087900000, 0x0000000087900000, 0x0000000087a00000|  0%| F|  |TAMS 0x0000000087900000, 0x0000000087900000| Untracked 
| 122|0x0000000087a00000, 0x0000000087a00000, 0x0000000087b00000|  0%| F|  |TAMS 0x0000000087a00000, 0x0000000087a00000| Untracked 
| 123|0x0000000087b00000, 0x0000000087b00000, 0x0000000087c00000|  0%| F|  |TAMS 0x0000000087b00000, 0x0000000087b00000| Untracked 
| 124|0x0000000087c00000, 0x0000000087c00000, 0x0000000087d00000|  0%| F|  |TAMS 0x0000000087c00000, 0x0000000087c00000| Untracked 
| 125|0x0000000087d00000, 0x0000000087d00000, 0x0000000087e00000|  0%| F|  |TAMS 0x0000000087d00000, 0x0000000087d00000| Untracked 
| 126|0x0000000087e00000, 0x0000000087e00000, 0x0000000087f00000|  0%| F|  |TAMS 0x0000000087e00000, 0x0000000087e00000| Untracked 
| 127|0x0000000087f00000, 0x0000000087f00000, 0x0000000088000000|  0%| F|  |TAMS 0x0000000087f00000, 0x0000000087f00000| Untracked 
| 128|0x0000000088000000, 0x0000000088000000, 0x0000000088100000|  0%| F|  |TAMS 0x0000000088000000, 0x0000000088000000| Untracked 
| 129|0x0000000088100000, 0x0000000088100000, 0x0000000088200000|  0%| F|  |TAMS 0x0000000088100000, 0x0000000088100000| Untracked 
| 130|0x0000000088200000, 0x0000000088200000, 0x0000000088300000|  0%| F|  |TAMS 0x0000000088200000, 0x0000000088200000| Untracked 
| 131|0x0000000088300000, 0x0000000088300000, 0x0000000088400000|  0%| F|  |TAMS 0x0000000088300000, 0x0000000088300000| Untracked 
| 132|0x0000000088400000, 0x0000000088400000, 0x0000000088500000|  0%| F|  |TAMS 0x0000000088400000, 0x0000000088400000| Untracked 
| 133|0x0000000088500000, 0x0000000088500000, 0x0000000088600000|  0%| F|  |TAMS 0x0000000088500000, 0x0000000088500000| Untracked 
| 134|0x0000000088600000, 0x0000000088600000, 0x0000000088700000|  0%| F|  |TAMS 0x0000000088600000, 0x0000000088600000| Untracked 
| 135|0x0000000088700000, 0x0000000088700000, 0x0000000088800000|  0%| F|  |TAMS 0x0000000088700000, 0x0000000088700000| Untracked 
| 136|0x0000000088800000, 0x0000000088800000, 0x0000000088900000|  0%| F|  |TAMS 0x0000000088800000, 0x0000000088800000| Untracked 
| 137|0x0000000088900000, 0x0000000088a00000, 0x0000000088a00000|100%| E|  |TAMS 0x0000000088900000, 0x0000000088900000| Complete 
| 138|0x0000000088a00000, 0x0000000088b00000, 0x0000000088b00000|100%| E|CS|TAMS 0x0000000088a00000, 0x0000000088a00000| Complete 
| 139|0x0000000088b00000, 0x0000000088c00000, 0x0000000088c00000|100%| E|CS|TAMS 0x0000000088b00000, 0x0000000088b00000| Complete 
| 140|0x0000000088c00000, 0x0000000088d00000, 0x0000000088d00000|100%| E|CS|TAMS 0x0000000088c00000, 0x0000000088c00000| Complete 

Card table byte_map: [0x000002656ce20000,0x000002656d220000] _byte_map_base: 0x000002656ca20000

Marking Bits (Prev, Next): (CMBitMap*) 0x00000265578cc100, (CMBitMap*) 0x00000265578cc0c0
 Prev Bits: [0x000002656f620000, 0x0000026571620000)
 Next Bits: [0x000002656d620000, 0x000002656f620000)

Polling page: 0x0000026557470000

Metaspace:

Usage:
  Non-class:     46.76 MB used.
      Class:      7.65 MB used.
       Both:     54.41 MB used.

Virtual space:
  Non-class space:       48.00 MB reserved,      47.06 MB ( 98%) committed,  6 nodes.
      Class space:        1.00 GB reserved,       7.88 MB ( <1%) committed,  1 nodes.
             Both:        1.05 GB reserved,      54.94 MB (  5%) committed. 

Chunk freelists:
   Non-Class:  896.00 KB
       Class:  3.95 MB
        Both:  4.83 MB

MaxMetaspaceSize: unlimited
CompressedClassSpaceSize: 1.00 GB
Initial GC threshold: 21.00 MB
Current GC threshold: 91.19 MB
CDS: off
MetaspaceReclaimPolicy: balanced
 - commit_granule_bytes: 65536.
 - commit_granule_words: 8192.
 - virtual_space_node_default_size: 1048576.
 - enlarge_chunks_in_place: 1.
 - new_chunks_are_fully_committed: 0.
 - uncommit_free_chunks: 1.
 - use_allocation_guard: 0.
 - handle_deallocations: 1.


Internal statistics:

num_allocs_failed_limit: 3.
num_arena_births: 660.
num_arena_deaths: 0.
num_vsnodes_births: 7.
num_vsnodes_deaths: 0.
num_space_committed: 880.
num_space_uncommitted: 0.
num_chunks_returned_to_freelist: 3.
num_chunks_taken_from_freelist: 2435.
num_chunk_merges: 3.
num_chunk_splits: 1656.
num_chunks_enlarged: 1161.
num_purges: 0.
num_inconsistent_stats: 0.

CodeHeap 'non-profiled nmethods': size=120000Kb used=2846Kb max_used=2846Kb free=117154Kb
 bounds [0x0000026564860000, 0x0000026564b30000, 0x000002656bd90000]
CodeHeap 'profiled nmethods': size=120000Kb used=9760Kb max_used=9760Kb free=110239Kb
 bounds [0x000002655cd90000, 0x000002655d720000, 0x00000265642c0000]
CodeHeap 'non-nmethods': size=5760Kb used=2321Kb max_used=2371Kb free=3438Kb
 bounds [0x00000265642c0000, 0x0000026564530000, 0x0000026564860000]
 total_blobs=5489 nmethods=4652 adapters=749
 compilation: enabled
              stopped_count=0, restarted_count=0
 full_count=0

Compilation events (20 events):
Event: 4.048 Thread 0x0000026574c4d5a0 4642       3       kotlin.reflect.jvm.internal.impl.name.FqNameUnsafe::hashCode (8 bytes)
Event: 4.048 Thread 0x0000026574c4d5a0 nmethod 4642 0x000002655d712090 code [0x000002655d712240, 0x000002655d712388]
Event: 4.048 Thread 0x0000026574c4d5a0 4643       3       kotlin.reflect.jvm.internal.impl.name.FqNameUnsafe::<init> (28 bytes)
Event: 4.048 Thread 0x0000026574c4d5a0 nmethod 4643 0x000002655d712490 code [0x000002655d712640, 0x000002655d712948]
Event: 4.048 Thread 0x0000026574c4d5a0 4644       3       kotlin.reflect.jvm.internal.impl.name.FqName::toUnsafe (13 bytes)
Event: 4.048 Thread 0x0000026574c4d5a0 nmethod 4644 0x000002655d712a10 code [0x000002655d712bc0, 0x000002655d712d48]
Event: 4.048 Thread 0x0000026574c4d5a0 4645       3       java.util.concurrent.locks.ReentrantLock$NonfairSync::tryAcquire (27 bytes)
Event: 4.048 Thread 0x0000026574c4d5a0 nmethod 4645 0x000002655d712e10 code [0x000002655d712fc0, 0x000002655d713248]
Event: 4.048 Thread 0x0000026574c4d5a0 4646       3       kotlin.reflect.jvm.internal.impl.name.Name::<init> (23 bytes)
Event: 4.049 Thread 0x0000026574c4d5a0 nmethod 4646 0x000002655d713310 code [0x000002655d7134c0, 0x000002655d713708]
Event: 4.049 Thread 0x0000026574c4d5a0 4647       3       kotlin.reflect.jvm.internal.impl.name.Name::identifier (18 bytes)
Event: 4.049 Thread 0x0000026574c4d5a0 nmethod 4647 0x000002655d713810 code [0x000002655d7139e0, 0x000002655d713d38]
Event: 4.049 Thread 0x0000026574c4d5a0 4648       3       kotlin.reflect.jvm.internal.impl.name.FqName::<init> (18 bytes)
Event: 4.049 Thread 0x0000026574c4d5a0 nmethod 4648 0x000002655d713e90 code [0x000002655d714040, 0x000002655d714268]
Event: 4.055 Thread 0x0000026574c4d5a0 4649       2       java.util.jar.JarFile::getVersionedEntry (133 bytes)
Event: 4.056 Thread 0x0000026574c4d5a0 nmethod 4649 0x000002655d714390 code [0x000002655d7145c0, 0x000002655d714b98]
Event: 4.081 Thread 0x0000026574c4d5a0 4651       3       kotlin.jvm.internal.Lambda::<init> (10 bytes)
Event: 4.082 Thread 0x0000026574c4d5a0 nmethod 4651 0x000002655d714f90 code [0x000002655d715120, 0x000002655d715298]
Event: 4.097 Thread 0x0000026574c4d5a0 4652       3       jdk.internal.jimage.BasicImageReader::getLocationIndex (52 bytes)
Event: 4.097 Thread 0x0000026574c4d5a0 nmethod 4652 0x000002655d715390 code [0x000002655d715580, 0x000002655d715a18]

GC Heap History (20 events):
Event: 2.226 GC heap before
{Heap before GC invocations=6 (full 0):
 garbage-first heap   total 68608K, used 46343K [0x0000000080000000, 0x0000000100000000)
  region size 1024K, 5 young (5120K), 4 survivors (4096K)
 Metaspace       used 29354K, committed 29696K, reserved 1081344K
  class space    used 3991K, committed 4160K, reserved 1048576K
}
Event: 2.227 GC heap after
{Heap after GC invocations=7 (full 0):
 garbage-first heap   total 68608K, used 46300K [0x0000000080000000, 0x0000000100000000)
  region size 1024K, 1 young (1024K), 1 survivors (1024K)
 Metaspace       used 29354K, committed 29696K, reserved 1081344K
  class space    used 3991K, committed 4160K, reserved 1048576K
}
Event: 2.315 GC heap before
{Heap before GC invocations=8 (full 0):
 garbage-first heap   total 86016K, used 55516K [0x0000000080000000, 0x0000000100000000)
  region size 1024K, 9 young (9216K), 1 survivors (1024K)
 Metaspace       used 30371K, committed 30720K, reserved 1081344K
  class space    used 4141K, committed 4288K, reserved 1048576K
}
Event: 2.316 GC heap after
{Heap after GC invocations=9 (full 0):
 garbage-first heap   total 103424K, used 50315K [0x0000000080000000, 0x0000000100000000)
  region size 1024K, 2 young (2048K), 2 survivors (2048K)
 Metaspace       used 30371K, committed 30720K, reserved 1081344K
  class space    used 4141K, committed 4288K, reserved 1048576K
}
Event: 2.578 GC heap before
{Heap before GC invocations=9 (full 0):
 garbage-first heap   total 103424K, used 75915K [0x0000000080000000, 0x0000000100000000)
  region size 1024K, 27 young (27648K), 2 survivors (2048K)
 Metaspace       used 33804K, committed 34176K, reserved 1081344K
  class space    used 4696K, committed 4864K, reserved 1048576K
}
Event: 2.580 GC heap after
{Heap after GC invocations=10 (full 0):
 garbage-first heap   total 103424K, used 51275K [0x0000000080000000, 0x0000000100000000)
  region size 1024K, 3 young (3072K), 3 survivors (3072K)
 Metaspace       used 33804K, committed 34176K, reserved 1081344K
  class space    used 4696K, committed 4864K, reserved 1048576K
}
Event: 2.935 GC heap before
{Heap before GC invocations=11 (full 0):
 garbage-first heap   total 103424K, used 77899K [0x0000000080000000, 0x0000000100000000)
  region size 1024K, 30 young (30720K), 3 survivors (3072K)
 Metaspace       used 41185K, committed 41600K, reserved 1089536K
  class space    used 5538K, committed 5696K, reserved 1048576K
}
Event: 2.938 GC heap after
{Heap after GC invocations=12 (full 0):
 garbage-first heap   total 103424K, used 54370K [0x0000000080000000, 0x0000000100000000)
  region size 1024K, 4 young (4096K), 4 survivors (4096K)
 Metaspace       used 41185K, committed 41600K, reserved 1089536K
  class space    used 5538K, committed 5696K, reserved 1048576K
}
Event: 3.045 GC heap before
{Heap before GC invocations=12 (full 0):
 garbage-first heap   total 103424K, used 78946K [0x0000000080000000, 0x0000000100000000)
  region size 1024K, 29 young (29696K), 4 survivors (4096K)
 Metaspace       used 42147K, committed 42560K, reserved 1089536K
  class space    used 5626K, committed 5824K, reserved 1048576K
}
Event: 3.048 GC heap after
{Heap after GC invocations=13 (full 0):
 garbage-first heap   total 103424K, used 57968K [0x0000000080000000, 0x0000000100000000)
  region size 1024K, 4 young (4096K), 4 survivors (4096K)
 Metaspace       used 42147K, committed 42560K, reserved 1089536K
  class space    used 5626K, committed 5824K, reserved 1048576K
}
Event: 3.323 GC heap before
{Heap before GC invocations=14 (full 0):
 garbage-first heap   total 106496K, used 83568K [0x0000000080000000, 0x0000000100000000)
  region size 1024K, 26 young (26624K), 4 survivors (4096K)
 Metaspace       used 45792K, committed 46208K, reserved 1089536K
  class space    used 6063K, committed 6272K, reserved 1048576K
}
Event: 3.325 GC heap after
{Heap after GC invocations=15 (full 0):
 garbage-first heap   total 106496K, used 59281K [0x0000000080000000, 0x0000000100000000)
  region size 1024K, 2 young (2048K), 2 survivors (2048K)
 Metaspace       used 45792K, committed 46208K, reserved 1089536K
  class space    used 6063K, committed 6272K, reserved 1048576K
}
Event: 3.443 GC heap before
{Heap before GC invocations=15 (full 0):
 garbage-first heap   total 106496K, used 67473K [0x0000000080000000, 0x0000000100000000)
  region size 1024K, 12 young (12288K), 2 survivors (2048K)
 Metaspace       used 46588K, committed 47040K, reserved 1097728K
  class space    used 6193K, committed 6400K, reserved 1048576K
}
Event: 3.445 GC heap after
{Heap after GC invocations=16 (full 0):
 garbage-first heap   total 106496K, used 60829K [0x0000000080000000, 0x0000000100000000)
  region size 1024K, 4 young (4096K), 4 survivors (4096K)
 Metaspace       used 46588K, committed 47040K, reserved 1097728K
  class space    used 6193K, committed 6400K, reserved 1048576K
}
Event: 3.559 GC heap before
{Heap before GC invocations=17 (full 0):
 garbage-first heap   total 111616K, used 76189K [0x0000000080000000, 0x0000000100000000)
  region size 1024K, 15 young (15360K), 4 survivors (4096K)
 Metaspace       used 47317K, committed 47744K, reserved 1097728K
  class space    used 6276K, committed 6464K, reserved 1048576K
}
Event: 3.562 GC heap after
{Heap after GC invocations=18 (full 0):
 garbage-first heap   total 111616K, used 69384K [0x0000000080000000, 0x0000000100000000)
  region size 1024K, 4 young (4096K), 4 survivors (4096K)
 Metaspace       used 47317K, committed 47744K, reserved 1097728K
  class space    used 6276K, committed 6464K, reserved 1048576K
}
Event: 3.728 GC heap before
{Heap before GC invocations=19 (full 0):
 garbage-first heap   total 119808K, used 88840K [0x0000000080000000, 0x0000000100000000)
  region size 1024K, 22 young (22528K), 4 survivors (4096K)
 Metaspace       used 49613K, committed 50112K, reserved 1097728K
  class space    used 6508K, committed 6720K, reserved 1048576K
}
Event: 3.731 GC heap after
{Heap after GC invocations=20 (full 0):
 garbage-first heap   total 144384K, used 70346K [0x0000000080000000, 0x0000000100000000)
  region size 1024K, 2 young (2048K), 2 survivors (2048K)
 Metaspace       used 49613K, committed 50112K, reserved 1097728K
  class space    used 6508K, committed 6720K, reserved 1048576K
}
Event: 3.739 GC heap before
{Heap before GC invocations=20 (full 0):
 garbage-first heap   total 144384K, used 75466K [0x0000000080000000, 0x0000000100000000)
  region size 1024K, 7 young (7168K), 2 survivors (2048K)
 Metaspace       used 49614K, committed 50112K, reserved 1097728K
  class space    used 6508K, committed 6720K, reserved 1048576K
}
Event: 3.740 GC heap after
{Heap after GC invocations=21 (full 0):
 garbage-first heap   total 144384K, used 69957K [0x0000000080000000, 0x0000000100000000)
  region size 1024K, 1 young (1024K), 1 survivors (1024K)
 Metaspace       used 49614K, committed 50112K, reserved 1097728K
  class space    used 6508K, committed 6720K, reserved 1048576K
}

Dll operation events (2 events):
Event: 0.018 Loaded shared library C:\Program Files\Android\Android Studio\jbr\bin\java.dll
Event: 0.352 Loaded shared library C:\Program Files\Android\Android Studio\jbr\bin\verify.dll

Deoptimization events (20 events):
Event: 3.770 Thread 0x00000265761d5080 Uncommon trap: trap_request=0xffffffc6 fr.pc=0x0000026564a6301c relative=0x000000000000021c
Event: 3.770 Thread 0x00000265761d5080 Uncommon trap: reason=bimorphic_or_optimized_type_check action=maybe_recompile pc=0x0000026564a6301c method=java.util.stream.Sink$ChainedReference.cancellationRequested()Z @ 4 c2
Event: 3.770 Thread 0x00000265761d5080 DEOPT PACKING pc=0x0000026564a6301c sp=0x000000a403bf76b0
Event: 3.770 Thread 0x00000265761d5080 DEOPT UNPACKING pc=0x00000265643169a3 sp=0x000000a403bf75e0 mode 2
Event: 3.771 Thread 0x00000265761d5080 Uncommon trap: trap_request=0xffffffc6 fr.pc=0x0000026564a6301c relative=0x000000000000021c
Event: 3.771 Thread 0x00000265761d5080 Uncommon trap: reason=bimorphic_or_optimized_type_check action=maybe_recompile pc=0x0000026564a6301c method=java.util.stream.Sink$ChainedReference.cancellationRequested()Z @ 4 c2
Event: 3.771 Thread 0x00000265761d5080 DEOPT PACKING pc=0x0000026564a6301c sp=0x000000a403bf7a30
Event: 3.771 Thread 0x00000265761d5080 DEOPT UNPACKING pc=0x00000265643169a3 sp=0x000000a403bf7960 mode 2
Event: 3.975 Thread 0x00000265761d5080 Uncommon trap: trap_request=0xffffff45 fr.pc=0x0000026564975b44 relative=0x00000000000012a4
Event: 3.975 Thread 0x00000265761d5080 Uncommon trap: reason=unstable_if action=reinterpret pc=0x0000026564975b44 method=java.util.concurrent.ConcurrentHashMap.putVal(Ljava/lang/Object;Ljava/lang/Object;Z)Ljava/lang/Object; @ 245 c2
Event: 3.975 Thread 0x00000265761d5080 DEOPT PACKING pc=0x0000026564975b44 sp=0x000000a403bf6be0
Event: 3.975 Thread 0x00000265761d5080 DEOPT UNPACKING pc=0x00000265643169a3 sp=0x000000a403bf6b58 mode 2
Event: 3.976 Thread 0x00000265761d5080 Uncommon trap: trap_request=0xffffff45 fr.pc=0x0000026564911984 relative=0x0000000000000084
Event: 3.976 Thread 0x00000265761d5080 Uncommon trap: reason=unstable_if action=reinterpret pc=0x0000026564911984 method=java.lang.CharacterDataLatin1.isWhitespace(I)Z @ 14 c2
Event: 3.976 Thread 0x00000265761d5080 DEOPT PACKING pc=0x0000026564911984 sp=0x000000a403bf7610
Event: 3.976 Thread 0x00000265761d5080 DEOPT UNPACKING pc=0x00000265643169a3 sp=0x000000a403bf7580 mode 2
Event: 4.050 Thread 0x00000265761d5080 Uncommon trap: trap_request=0xffffff54 fr.pc=0x00000265649d8500 relative=0x00000000000008a0
Event: 4.050 Thread 0x00000265761d5080 Uncommon trap: reason=speculate_null_assert action=make_not_entrant pc=0x00000265649d8500 method=java.util.jar.JarFile.getVersionedEntry(Ljava/lang/String;Ljava/util/jar/JarEntry;)Ljava/util/jar/JarEntry; @ 115 c2
Event: 4.051 Thread 0x00000265761d5080 DEOPT PACKING pc=0x00000265649d8500 sp=0x000000a403bf59b0
Event: 4.051 Thread 0x00000265761d5080 DEOPT UNPACKING pc=0x00000265643169a3 sp=0x000000a403bf5978 mode 2

Classes unloaded (0 events):
No events

Classes redefined (0 events):
No events

Internal exceptions (20 events):
Event: 3.706 Thread 0x00000265761d5080 Exception <a 'java/lang/NoSuchMethodError'{0x000000008676d9c8}: 'java.lang.Object java.lang.invoke.DirectMethodHandle$Holder.invokeStatic(java.lang.Object, java.lang.Object, java.lang.Object, java.lang.Object, java.lang.Object, java.lang.Object, java.lang.Object, java.lang.Object, java.lang.Object, java.lang.Object, java.lang.Object, java.lang.Object, java.lang.Object, java.lang.Object, java.lang.Object, java.lang.Object, java.lang.Object)'> (0x000000008676d9c8) 
thrown [s\src\hotspot\share\interpreter\lin
Event: 3.707 Thread 0x00000265761d5080 Exception <a 'java/lang/NoSuchMethodError'{0x00000000867955e8}: 'java.lang.Object java.lang.invoke.DirectMethodHandle$Holder.invokeStatic(java.lang.Object, java.lang.Object, java.lang.Object, java.lang.Object, java.lang.Object, java.lang.Object, java.lang.Object, java.lang.Object, java.lang.Object, java.lang.Object, java.lang.Object, java.lang.Object, java.lang.Object, java.lang.Object, java.lang.Object, java.lang.Object, java.lang.Object, java.lang.Object)'> (0x00000000867955e8) 
thrown [s\src\hotspot\sha
Event: 3.708 Thread 0x00000265761d5080 Exception <a 'java/lang/NoSuchMethodError'{0x00000000867bdeb0}: 'java.lang.Object java.lang.invoke.DirectMethodHandle$Holder.invokeStatic(java.lang.Object, java.lang.Object, java.lang.Object, java.lang.Object, java.lang.Object, java.lang.Object, java.lang.Object, java.lang.Object, java.lang.Object, java.lang.Object, java.lang.Object, java.lang.Object, java.lang.Object, java.lang.Object, java.lang.Object, java.lang.Object, java.lang.Object, java.lang.Object, java.lang.Object)'> (0x00000000867bdeb0) 
thrown 
Event: 3.709 Thread 0x00000265761d5080 Exception <a 'java/lang/NoSuchMethodError'{0x00000000867e77f0}: 'java.lang.Object java.lang.invoke.DirectMethodHandle$Holder.invokeStatic(java.lang.Object, java.lang.Object, java.lang.Object, java.lang.Object, java.lang.Object, java.lang.Object, java.lang.Object, java.lang.Object, java.lang.Object, java.lang.Object, java.lang.Object, java.lang.Object, java.lang.Object, java.lang.Object, java.lang.Object, java.lang.Object, java.lang.Object, java.lang.Object, java.lang.Object, java.lang.Object)'> (0x00000000
Event: 3.709 Thread 0x00000265761d5080 Exception <a 'java/lang/NoSuchMethodError'{0x0000000086612608}: 'java.lang.Object java.lang.invoke.DirectMethodHandle$Holder.invokeStatic(java.lang.Object, java.lang.Object, java.lang.Object, java.lang.Object, java.lang.Object, java.lang.Object, java.lang.Object, java.lang.Object, java.lang.Object, java.lang.Object, java.lang.Object, java.lang.Object, java.lang.Object, java.lang.Object, java.lang.Object, java.lang.Object, java.lang.Object, java.lang.Object, java.lang.Object, java.lang.Object, java.lang.Obj
Event: 3.710 Thread 0x00000265761d5080 Exception <a 'java/lang/NoSuchMethodError'{0x000000008663d910}: 'java.lang.Object java.lang.invoke.DirectMethodHandle$Holder.invokeStatic(java.lang.Object, java.lang.Object, java.lang.Object, java.lang.Object, java.lang.Object, java.lang.Object, java.lang.Object, java.lang.Object, java.lang.Object, java.lang.Object, java.lang.Object, java.lang.Object, java.lang.Object, java.lang.Object, java.lang.Object, java.lang.Object, java.lang.Object, java.lang.Object, java.lang.Object, java.lang.Object, java.lang.Obj
Event: 3.711 Thread 0x00000265761d5080 Exception <a 'java/lang/NoSuchMethodError'{0x000000008666a900}: 'java.lang.Object java.lang.invoke.DirectMethodHandle$Holder.invokeStatic(java.lang.Object, java.lang.Object, java.lang.Object, java.lang.Object, java.lang.Object, java.lang.Object, java.lang.Object, java.lang.Object, java.lang.Object, java.lang.Object, java.lang.Object, java.lang.Object, java.lang.Object, java.lang.Object, java.lang.Object, java.lang.Object, java.lang.Object, java.lang.Object, java.lang.Object, java.lang.Object, java.lang.Obj
Event: 3.712 Thread 0x00000265761d5080 Exception <a 'java/lang/NoSuchMethodError'{0x0000000086698f58}: 'java.lang.Object java.lang.invoke.DirectMethodHandle$Holder.invokeStatic(java.lang.Object, java.lang.Object, java.lang.Object, java.lang.Object, java.lang.Object, java.lang.Object, java.lang.Object, java.lang.Object, java.lang.Object, java.lang.Object, java.lang.Object, java.lang.Object, java.lang.Object, java.lang.Object, java.lang.Object, java.lang.Object, java.lang.Object, java.lang.Object, java.lang.Object, java.lang.Object, java.lang.Obj
Event: 3.767 Thread 0x00000265761d5080 Exception <a 'java/lang/IncompatibleClassChangeError'{0x000000008897a5a8}: Found class java.lang.Object, but interface was expected> (0x000000008897a5a8) 
thrown [s\src\hotspot\share\interpreter\linkResolver.cpp, line 838]
Event: 3.793 Thread 0x00000265761d5080 Exception <a 'java/lang/IncompatibleClassChangeError'{0x0000000088684968}: Found class java.lang.Object, but interface was expected> (0x0000000088684968) 
thrown [s\src\hotspot\share\interpreter\linkResolver.cpp, line 838]
Event: 3.822 Thread 0x00000265761d5080 Exception <a 'java/lang/NoSuchMethodError'{0x000000008836d368}: 'java.lang.Object java.lang.invoke.DirectMethodHandle$Holder.invokeStaticInit(java.lang.Object, int)'> (0x000000008836d368) 
thrown [s\src\hotspot\share\interpreter\linkResolver.cpp, line 771]
Event: 3.834 Thread 0x00000265761d5080 Exception <a 'java/lang/NoSuchMethodError'{0x0000000088290b98}: 'int java.lang.invoke.DelegatingMethodHandle$Holder.reinvoke_L(java.lang.Object, java.lang.Object, java.lang.Object, long, int, int)'> (0x0000000088290b98) 
thrown [s\src\hotspot\share\interpreter\linkResolver.cpp, line 771]
Event: 3.835 Thread 0x00000265761d5080 Exception <a 'java/lang/NoSuchMethodError'{0x00000000882a0768}: 'int java.lang.invoke.DelegatingMethodHandle$Holder.reinvoke_L(java.lang.Object, java.lang.Object, java.lang.Object, long, long, long)'> (0x00000000882a0768) 
thrown [s\src\hotspot\share\interpreter\linkResolver.cpp, line 771]
Event: 3.836 Thread 0x00000265761d5080 Exception <a 'java/lang/NoSuchMethodError'{0x00000000882b0640}: 'int java.lang.invoke.DelegatingMethodHandle$Holder.reinvoke_L(java.lang.Object, java.lang.Object, java.lang.Object, long, java.lang.Object, java.lang.Object)'> (0x00000000882b0640) 
thrown [s\src\hotspot\share\interpreter\linkResolver.cpp, line 771]
Event: 3.836 Thread 0x00000265761d5080 Exception <a 'java/lang/NoSuchMethodError'{0x00000000882c0360}: 'void java.lang.invoke.DelegatingMethodHandle$Holder.reinvoke_L(java.lang.Object, java.lang.Object, java.lang.Object, long, java.lang.Object)'> (0x00000000882c0360) 
thrown [s\src\hotspot\share\interpreter\linkResolver.cpp, line 771]
Event: 3.836 Thread 0x00000265761d5080 Exception <a 'java/lang/NoSuchMethodError'{0x00000000882c89e8}: 'java.lang.Object java.lang.invoke.DirectMethodHandle$Holder.invokeSpecial(java.lang.Object, java.lang.Object, java.lang.Object, java.lang.Object, long)'> (0x00000000882c89e8) 
thrown [s\src\hotspot\share\interpreter\linkResolver.cpp, line 771]
Event: 3.837 Thread 0x00000265761d5080 Exception <a 'java/lang/NoSuchMethodError'{0x00000000882ed5c0}: 'long java.lang.invoke.Invokers$Holder.invoke_MT(java.lang.Object, java.lang.Object, java.lang.Object, java.lang.Object)'> (0x00000000882ed5c0) 
thrown [s\src\hotspot\share\interpreter\linkResolver.cpp, line 771]
Event: 3.838 Thread 0x00000265761d5080 Exception <a 'java/lang/NoSuchMethodError'{0x00000000882f6e48}: 'int java.lang.invoke.Invokers$Holder.invoke_MT(java.lang.Object, java.lang.Object, java.lang.Object, java.lang.Object)'> (0x00000000882f6e48) 
thrown [s\src\hotspot\share\interpreter\linkResolver.cpp, line 771]
Event: 3.839 Thread 0x00000265761d5080 Exception <a 'java/lang/NoSuchMethodError'{0x0000000088108320}: 'int java.lang.invoke.DelegatingMethodHandle$Holder.reinvoke_L(java.lang.Object, java.lang.Object, java.lang.Object, long, int)'> (0x0000000088108320) 
thrown [s\src\hotspot\share\interpreter\linkResolver.cpp, line 771]
Event: 3.840 Thread 0x00000265761d5080 Exception <a 'java/lang/NoSuchMethodError'{0x000000008811b7a0}: 'java.lang.Object java.lang.invoke.Invokers$Holder.invokeExact_MT(java.lang.Object, java.lang.Object, long, java.lang.Object)'> (0x000000008811b7a0) 
thrown [s\src\hotspot\share\interpreter\linkResolver.cpp, line 771]

VM Operations (20 events):
Event: 3.459 Executing VM operation: G1Concurrent
Event: 3.460 Executing VM operation: G1Concurrent done
Event: 3.559 Executing VM operation: G1TryInitiateConcMark
Event: 3.562 Executing VM operation: G1TryInitiateConcMark done
Event: 3.573 Executing VM operation: G1Concurrent
Event: 3.575 Executing VM operation: G1Concurrent done
Event: 3.578 Executing VM operation: G1Concurrent
Event: 3.578 Executing VM operation: G1Concurrent done
Event: 3.728 Executing VM operation: G1CollectForAllocation
Event: 3.731 Executing VM operation: G1CollectForAllocation done
Event: 3.739 Executing VM operation: G1CollectForAllocation
Event: 3.740 Executing VM operation: G1CollectForAllocation done
Event: 3.768 Executing VM operation: HandshakeAllThreads
Event: 3.768 Executing VM operation: HandshakeAllThreads done
Event: 3.818 Executing VM operation: HandshakeAllThreads
Event: 3.818 Executing VM operation: HandshakeAllThreads done
Event: 3.870 Executing VM operation: HandshakeAllThreads
Event: 3.871 Executing VM operation: HandshakeAllThreads done
Event: 3.872 Executing VM operation: HandshakeAllThreads
Event: 3.872 Executing VM operation: HandshakeAllThreads done

Events (20 events):
Event: 3.707 loading class java/lang/invoke/BoundMethodHandle$Species_LLLLLLLLLLLLLLLL
Event: 3.707 loading class java/lang/invoke/BoundMethodHandle$Species_LLLLLLLLLLLLLLLL done
Event: 3.708 loading class java/lang/invoke/BoundMethodHandle$Species_LLLLLLLLLLLLLLLLL
Event: 3.708 loading class java/lang/invoke/BoundMethodHandle$Species_LLLLLLLLLLLLLLLLL done
Event: 3.709 loading class java/lang/invoke/BoundMethodHandle$Species_LLLLLLLLLLLLLLLLLL
Event: 3.709 loading class java/lang/invoke/BoundMethodHandle$Species_LLLLLLLLLLLLLLLLLL done
Event: 3.710 loading class java/lang/invoke/BoundMethodHandle$Species_LLLLLLLLLLLLLLLLLLL
Event: 3.710 loading class java/lang/invoke/BoundMethodHandle$Species_LLLLLLLLLLLLLLLLLLL done
Event: 3.711 loading class java/lang/invoke/BoundMethodHandle$Species_LLLLLLLLLLLLLLLLLLLL
Event: 3.711 loading class java/lang/invoke/BoundMethodHandle$Species_LLLLLLLLLLLLLLLLLLLL done
Event: 3.711 loading class java/lang/invoke/BoundMethodHandle$Species_LLLLLLLLLLLLLLLLLLLLL
Event: 3.711 loading class java/lang/invoke/BoundMethodHandle$Species_LLLLLLLLLLLLLLLLLLLLL done
Event: 3.818 loading class java/util/EmptyStackException
Event: 3.818 loading class java/util/EmptyStackException done
Event: 4.027 loading class java/util/concurrent/atomic/AtomicReferenceFieldUpdater
Event: 4.027 loading class java/util/concurrent/atomic/AtomicReferenceFieldUpdater done
Event: 4.027 loading class java/util/concurrent/atomic/AtomicReferenceFieldUpdater$AtomicReferenceFieldUpdaterImpl
Event: 4.028 loading class java/util/concurrent/atomic/AtomicReferenceFieldUpdater$AtomicReferenceFieldUpdaterImpl done
Event: 4.028 loading class java/util/concurrent/atomic/AtomicReferenceFieldUpdater$AtomicReferenceFieldUpdaterImpl$1
Event: 4.028 loading class java/util/concurrent/atomic/AtomicReferenceFieldUpdater$AtomicReferenceFieldUpdaterImpl$1 done


Dynamic libraries:
0x00007ff7b4b40000 - 0x00007ff7b4b4a000 	C:\Program Files\Android\Android Studio\jbr\bin\java.exe
0x00007ff89be30000 - 0x00007ff89c047000 	C:\Windows\SYSTEM32\ntdll.dll
0x00007ff89af90000 - 0x00007ff89b054000 	C:\Windows\System32\KERNEL32.DLL
0x00007ff899640000 - 0x00007ff8999e6000 	C:\Windows\System32\KERNELBASE.dll
0x00007ff84f3e0000 - 0x00007ff84f4bb000 	C:\Program Files\Bitdefender\Endpoint Security\bdhkm\dlls_267034223321508109\bdhkm64.dll
0x00007ff84f220000 - 0x00007ff84f3d3000 	C:\Program Files\Bitdefender\Endpoint Security\atcuf\dlls_267239539599668931\atcuf64.dll
0x00007ff899430000 - 0x00007ff899541000 	C:\Windows\System32\ucrtbase.dll
0x00007ff86b070000 - 0x00007ff86b087000 	C:\Program Files\Android\Android Studio\jbr\bin\jli.dll
0x00007ff89b800000 - 0x00007ff89b9ae000 	C:\Windows\System32\USER32.dll
0x00007ff899170000 - 0x00007ff899196000 	C:\Windows\System32\win32u.dll
0x00007ff89b590000 - 0x00007ff89b5b9000 	C:\Windows\System32\GDI32.dll
0x00007ff899310000 - 0x00007ff899428000 	C:\Windows\System32\gdi32full.dll
0x00007ff899a20000 - 0x00007ff899aba000 	C:\Windows\System32\msvcp_win.dll
0x00007ff895a40000 - 0x00007ff895a5b000 	C:\Program Files\Android\Android Studio\jbr\bin\VCRUNTIME140.dll
0x00007ff8885f0000 - 0x00007ff888883000 	C:\Windows\WinSxS\amd64_microsoft.windows.common-controls_6595b64144ccf1df_6.0.22621.2506_none_270c5ae97388e100\COMCTL32.dll
0x00007ff89bd40000 - 0x00007ff89bde7000 	C:\Windows\System32\msvcrt.dll
0x00007ff89ac90000 - 0x00007ff89acc1000 	C:\Windows\System32\IMM32.DLL
0x00007ff8959e0000 - 0x00007ff8959ec000 	C:\Program Files\Android\Android Studio\jbr\bin\vcruntime140_1.dll
0x00007ff802c30000 - 0x00007ff802cbd000 	C:\Program Files\Android\Android Studio\jbr\bin\msvcp140.dll
0x00007ffff16a0000 - 0x00007ffff230e000 	C:\Program Files\Android\Android Studio\jbr\bin\server\jvm.dll
0x00007ff89a110000 - 0x00007ff89a1c3000 	C:\Windows\System32\ADVAPI32.dll
0x00007ff89aa30000 - 0x00007ff89aad8000 	C:\Windows\System32\sechost.dll
0x00007ff8999f0000 - 0x00007ff899a18000 	C:\Windows\System32\bcrypt.dll
0x00007ff89bc20000 - 0x00007ff89bd37000 	C:\Windows\System32\RPCRT4.dll
0x00007ff86c710000 - 0x00007ff86c719000 	C:\Windows\SYSTEM32\WSOCK32.dll
0x00007ff89b5c0000 - 0x00007ff89b631000 	C:\Windows\System32\WS2_32.dll
0x00007ff88e180000 - 0x00007ff88e1b4000 	C:\Windows\SYSTEM32\WINMM.dll
0x00007ff88efc0000 - 0x00007ff88efca000 	C:\Windows\SYSTEM32\VERSION.dll
0x00007ff898170000 - 0x00007ff898188000 	C:\Windows\SYSTEM32\kernel.appcore.dll
0x00007ff8957c0000 - 0x00007ff8957ca000 	C:\Program Files\Android\Android Studio\jbr\bin\jimage.dll
0x00007ff890910000 - 0x00007ff890b43000 	C:\Windows\SYSTEM32\DBGHELP.DLL
0x00007ff899b80000 - 0x00007ff899f09000 	C:\Windows\System32\combase.dll
0x00007ff89aeb0000 - 0x00007ff89af87000 	C:\Windows\System32\OLEAUT32.dll
0x00007ff86eb80000 - 0x00007ff86ebb2000 	C:\Windows\SYSTEM32\dbgcore.DLL
0x00007ff8995c0000 - 0x00007ff89963a000 	C:\Windows\System32\bcryptPrimitives.dll
0x00007ff8896f0000 - 0x00007ff889715000 	C:\Program Files\Android\Android Studio\jbr\bin\java.dll
0x00007ff890780000 - 0x00007ff890798000 	C:\Program Files\Android\Android Studio\jbr\bin\zip.dll
0x00007ff89a1d0000 - 0x00007ff89aa2b000 	C:\Windows\System32\SHELL32.dll
0x00007ff896ef0000 - 0x00007ff8977e6000 	C:\Windows\SYSTEM32\windows.storage.dll
0x00007ff896d60000 - 0x00007ff896e9e000 	C:\Windows\SYSTEM32\wintypes.dll
0x00007ff89ab30000 - 0x00007ff89ac23000 	C:\Windows\System32\SHCORE.dll
0x00007ff89bbc0000 - 0x00007ff89bc1e000 	C:\Windows\System32\shlwapi.dll
0x00007ff8990a0000 - 0x00007ff8990c6000 	C:\Windows\SYSTEM32\profapi.dll
0x00007ff880980000 - 0x00007ff880999000 	C:\Program Files\Android\Android Studio\jbr\bin\net.dll
0x00007ff892e20000 - 0x00007ff892f57000 	C:\Windows\SYSTEM32\WINHTTP.dll
0x00007ff8985e0000 - 0x00007ff898649000 	C:\Windows\system32\mswsock.dll
0x00007ff880960000 - 0x00007ff880976000 	C:\Program Files\Android\Android Studio\jbr\bin\nio.dll
0x00007ff8920b0000 - 0x00007ff8920c0000 	C:\Program Files\Android\Android Studio\jbr\bin\verify.dll
0x00007ff880920000 - 0x00007ff880947000 	C:\Users\aluno.SENAIESCOLA\.gradle\native\68d5fa5c4cc2d200863cafc0d521ce42e7d3e7ee720ec0a83991735586a16f82\windows-amd64\native-platform.dll
0x00007fffefde0000 - 0x00007fffeff24000 	C:\Users\aluno.SENAIESCOLA\.gradle\native\e376f236ea51e6404a007f0833ffe2c6e607c4080706a723a18a27aeea778392\windows-amd64\native-platform-file-events.dll
0x00007ff891f20000 - 0x00007ff891f29000 	C:\Program Files\Android\Android Studio\jbr\bin\management.dll
0x00007ff8907f0000 - 0x00007ff8907fb000 	C:\Program Files\Android\Android Studio\jbr\bin\management_ext.dll
0x00007ff89a0f0000 - 0x00007ff89a0f8000 	C:\Windows\System32\PSAPI.DLL
0x00007ff898930000 - 0x00007ff89894b000 	C:\Windows\SYSTEM32\CRYPTSP.dll
0x00007ff8980d0000 - 0x00007ff898105000 	C:\Windows\system32\rsaenh.dll
0x00007ff898680000 - 0x00007ff8986ac000 	C:\Windows\SYSTEM32\USERENV.dll
0x00007ff898910000 - 0x00007ff89891c000 	C:\Windows\SYSTEM32\CRYPTBASE.dll
0x00007ff8979f0000 - 0x00007ff897a1d000 	C:\Windows\SYSTEM32\IPHLPAPI.DLL
0x00007ff89ae80000 - 0x00007ff89ae89000 	C:\Windows\System32\NSI.dll
0x00007ff8932c0000 - 0x00007ff8932d9000 	C:\Windows\SYSTEM32\dhcpcsvc6.DLL
0x00007ff893160000 - 0x00007ff89317f000 	C:\Windows\SYSTEM32\dhcpcsvc.DLL
0x00007ff897a20000 - 0x00007ff897b19000 	C:\Windows\SYSTEM32\DNSAPI.dll
0x00007ff889b70000 - 0x00007ff889b78000 	C:\Windows\system32\wshunix.dll

dbghelp: loaded successfully - version: 4.0.5 - missing functions: none
symbol engine: initialized successfully - sym options: 0x614 - pdb path: .;C:\Program Files\Android\Android Studio\jbr\bin;C:\Windows\SYSTEM32;C:\Program Files\Bitdefender\Endpoint Security\bdhkm\dlls_267034223321508109;C:\Program Files\Bitdefender\Endpoint Security\atcuf\dlls_267239539599668931;C:\Windows\WinSxS\amd64_microsoft.windows.common-controls_6595b64144ccf1df_6.0.22621.2506_none_270c5ae97388e100;C:\Program Files\Android\Android Studio\jbr\bin\server;C:\Users\aluno.SENAIESCOLA\.gradle\native\68d5fa5c4cc2d200863cafc0d521ce42e7d3e7ee720ec0a83991735586a16f82\windows-amd64;C:\Users\aluno.SENAIESCOLA\.gradle\native\e376f236ea51e6404a007f0833ffe2c6e607c4080706a723a18a27aeea778392\windows-amd64

VM Arguments:
jvm_args: --add-opens=java.base/java.util=ALL-UNNAMED --add-opens=java.base/java.lang=ALL-UNNAMED --add-opens=java.base/java.lang.invoke=ALL-UNNAMED --add-opens=java.prefs/java.util.prefs=ALL-UNNAMED --add-opens=java.base/java.nio.charset=ALL-UNNAMED --add-opens=java.base/java.net=ALL-UNNAMED --add-opens=java.base/java.util.concurrent.atomic=ALL-UNNAMED -Xmx2048m -Dfile.encoding=UTF-8 -Duser.country=BR -Duser.language=pt -Duser.variant 
java_command: org.gradle.launcher.daemon.bootstrap.GradleDaemon 8.0
java_class_path (initial): C:\Users\aluno.SENAIESCOLA\.gradle\wrapper\dists\gradle-8.0-bin\ca5e32bp14vu59qr306oxotwh\gradle-8.0\lib\gradle-launcher-8.0.jar
Launcher Type: SUN_STANDARD

[Global flags]
     intx CICompilerCount                          = 4                                         {product} {ergonomic}
     uint ConcGCThreads                            = 3                                         {product} {ergonomic}
     uint G1ConcRefinementThreads                  = 10                                        {product} {ergonomic}
   size_t G1HeapRegionSize                         = 1048576                                   {product} {ergonomic}
    uintx GCDrainStackTargetSize                   = 64                                        {product} {ergonomic}
   size_t InitialHeapSize                          = 125829120                                 {product} {ergonomic}
   size_t MarkStackSize                            = 4194304                                   {product} {ergonomic}
   size_t MaxHeapSize                              = 2147483648                                {product} {command line}
   size_t MaxNewSize                               = 1287651328                                {product} {ergonomic}
   size_t MinHeapDeltaBytes                        = 1048576                                   {product} {ergonomic}
   size_t MinHeapSize                              = 8388608                                   {product} {ergonomic}
    uintx NonNMethodCodeHeapSize                   = 5839372                                {pd product} {ergonomic}
    uintx NonProfiledCodeHeapSize                  = 122909434                              {pd product} {ergonomic}
    uintx ProfiledCodeHeapSize                     = 122909434                              {pd product} {ergonomic}
    uintx ReservedCodeCacheSize                    = 251658240                              {pd product} {ergonomic}
     bool SegmentedCodeCache                       = true                                      {product} {ergonomic}
   size_t SoftMaxHeapSize                          = 2147483648                             {manageable} {ergonomic}
     bool UseCompressedClassPointers               = true                           {product lp64_product} {ergonomic}
     bool UseCompressedOops                        = true                           {product lp64_product} {ergonomic}
     bool UseG1GC                                  = true                                      {product} {ergonomic}
     bool UseLargePagesIndividualAllocation        = false                                  {pd product} {ergonomic}

Logging:
Log output configuration:
 #0: stdout all=warning uptime,level,tags
 #1: stderr all=off uptime,level,tags

Environment Variables:
PATH=C:\Program Files (x86)\NVIDIA Corporation\PhysX\Common;C:\Program Files\Common Files\Oracle\Java\javapath;C:\Program Files (x86)\Common Files\Oracle\Java\javapath;C:\Windows\system32;C:\Windows;C:\Windows\System32\Wbem;C:\Windows\System32\WindowsPowerShell\v1.0\;C:\Windows\System32\OpenSSH\;C:\ProgramData\UNIVALI\Portugol Studio;C:\Program Files\dotnet\;C:\Program Files\Git\cmd;C:\Program Files\Microsoft SQL Server\Client SDK\ODBC\170\Tools\Binn\;C:\Program Files (x86)\Microsoft SQL Server\150\Tools\Binn\;C:\Program Files\Microsoft SQL Server\150\Tools\Binn\;C:\Program Files\Microsoft SQL Server\150\DTS\Binn\;C:\Program Files (x86)\Windows Kits\8.1\Windows Performance Toolkit\;C:\Program Files\Microsoft SQL Server\120\Tools\Binn\;C:\Program Files\Microsoft SQL Server\Client SDK\ODBC\110\Tools\Binn\;C:\Program Files\nodejs\;C:\Users\aluno.SENAIESCOLA\AppData\Local\Programs\Python\Python312\Scripts\;C:\Users\aluno.SENAIESCOLA\AppData\Local\Programs\Python\Python312\;C:\src\flutter\bin;C:\Users\aluno.SENAIESCOLA\AppData\Local\Programs\Microsoft VS Code\bin;C:\TDM-GCC-64\bin;C:\Users\aluno.SENAIESCOLA\AppData\Roaming\npm;C:\Users\aluno.SENAIESCOLA\AppData\Local\JetBrains\IntelliJ IDEA 2024.1.2\bin;;C:\Users\aluno.SENAIESCOLA\AppData\Local\JetBrains\IntelliJ IDEA Community Edition 2024.1.2\bin;;C:\Users\aluno.SENAIESCOLA\AppData\Local\GitHubDesktop\bin
USERNAME=ALUNO
OS=Windows_NT
PROCESSOR_IDENTIFIER=AMD64 Family 25 Model 80 Stepping 0, AuthenticAMD
TMP=C:\Users\ALUNO~1.SEN\AppData\Local\Temp
TEMP=C:\Users\ALUNO~1.SEN\AppData\Local\Temp


JNI global refs:
JNI global refs: 24, weak refs: 0

JNI global refs memory usage: 843, weak refs: 841


---------------  S Y S T E M  ---------------

OS:
 Windows 11 , 64 bit Build 22621 (10.0.22621.3085)
OS uptime: 0 days 1:37 hours
Hyper-V role detected

CPU: total 12 (initial active 12) (12 cores per cpu, 2 threads per core) family 25 model 80 stepping 0 microcode 0x0, cx8, cmov, fxsr, ht, mmx, 3dnowpref, sse, sse2, sse3, ssse3, sse4a, sse4.1, sse4.2, popcnt, lzcnt, tsc, tscinvbit, avx, avx2, aes, erms, clmul, bmi1, bmi2, adx, sha, fma, vzeroupper, clflush, clflushopt, hv

Memory: 4k page, system-wide physical 7553M (238M free)
TotalPageFile size 12877M (AvailPageFile size 10M)
current process WorkingSet (physical memory assigned to process): 332M, peak: 339M
current process commit charge ("private bytes"): 376M, peak: 382M

vm_info: OpenJDK 64-Bit Server VM (17.0.6+0-b2043.56-10027231) for windows-amd64 JRE (17.0.6+0-b2043.56-10027231), built on Apr 28 2023 00:43:19 by "androidbuild" with MS VC++ 16.10 / 16.11 (VS2019)

END.
